This is pdfTeX, Version 3.14159265-2.6-1.40.15 (TeX Live 2014) (preloaded format=latex 2014.8.22)  26 SEP 2014 17:48
entering extended mode
 restricted \write18 enabled.
 %&-line parsing enabled.
**\makeatletter\def\HCode{\futurelet\HCode\HChar}\def\HChar{\ifx"\HCode\def\HCo
de"##1"{\Link##1}\expandafter\HCode\else\expandafter\Link\fi}\def\Link#1.a.b.c.
{\g@addto@macro\@documentclasshook{\RequirePackage[#1,html]{tex4ht}}\let\HCode\
documentstyle\def\documentstyle{\let\documentstyle\HCode\expandafter\def\csname
 tex4ht\endcsname{#1,html}\def\HCode####1{\documentstyle[tex4ht,}\@ifnextchar[{
\HCode}{\documentstyle[tex4ht]}}}\makeatother\HCode .a.b.c.\input  RNA.tex
(./RNA.tex (./IEEEtran.cls
Document Class: IEEEtran 2012/12/27 V1.8 by Michael Shell
-- See the "IEEEtran_HOWTO" manual for usage information.
-- http://www.michaelshell.org/tex/ieeetran/
\@IEEEtrantmpdimenA=\dimen102
\@IEEEtrantmpdimenB=\dimen103
\@IEEEtrantmpcountA=\count79
\@IEEEtrantmpcountB=\count80
\@IEEEtrantmptoksA=\toks14
LaTeX Font Info:    Try loading font information for OT1+ptm on input line 368.

(/usr/local/texlive/2014/texmf-dist/tex/latex/psnfss/ot1ptm.fd
File: ot1ptm.fd 2001/06/04 font definitions for OT1/ptm.
)
** ATTENTION: Single column mode is not typically used with IEEE publications.
-- Using 8.5in x 11in (letter) paper.
-- Using DVI output.
\@IEEEnormalsizeunitybaselineskip=\dimen104
-- This is a 12 point document.
\CLASSINFOnormalsizebaselineskip=\dimen105
\CLASSINFOnormalsizeunitybaselineskip=\dimen106
\IEEEnormaljot=\dimen107
LaTeX Font Info:    Font shape `OT1/ptm/bx/n' in size <6> not available
(Font)              Font shape `OT1/ptm/b/n' tried instead on input line 726.
LaTeX Font Info:    Font shape `OT1/ptm/bx/it' in size <6> not available
(Font)              Font shape `OT1/ptm/b/it' tried instead on input line 726.
LaTeX Font Info:    Font shape `OT1/ptm/bx/n' in size <8> not available
(Font)              Font shape `OT1/ptm/b/n' tried instead on input line 726.
LaTeX Font Info:    Font shape `OT1/ptm/bx/it' in size <8> not available
(Font)              Font shape `OT1/ptm/b/it' tried instead on input line 726.
LaTeX Font Info:    Font shape `OT1/ptm/bx/n' in size <9> not available
(Font)              Font shape `OT1/ptm/b/n' tried instead on input line 726.
LaTeX Font Info:    Font shape `OT1/ptm/bx/it' in size <9> not available
(Font)              Font shape `OT1/ptm/b/it' tried instead on input line 726.
LaTeX Font Info:    Font shape `OT1/ptm/bx/n' in size <10> not available
(Font)              Font shape `OT1/ptm/b/n' tried instead on input line 726.
LaTeX Font Info:    Font shape `OT1/ptm/bx/it' in size <10> not available
(Font)              Font shape `OT1/ptm/b/it' tried instead on input line 726.
LaTeX Font Info:    Font shape `OT1/ptm/bx/n' in size <12> not available
(Font)              Font shape `OT1/ptm/b/n' tried instead on input line 726.
LaTeX Font Info:    Font shape `OT1/ptm/bx/it' in size <12> not available
(Font)              Font shape `OT1/ptm/b/it' tried instead on input line 726.
LaTeX Font Info:    Font shape `OT1/ptm/bx/n' in size <14> not available
(Font)              Font shape `OT1/ptm/b/n' tried instead on input line 726.
LaTeX Font Info:    Font shape `OT1/ptm/bx/it' in size <14> not available
(Font)              Font shape `OT1/ptm/b/it' tried instead on input line 726.
LaTeX Font Info:    Font shape `OT1/ptm/bx/n' in size <20> not available
(Font)              Font shape `OT1/ptm/b/n' tried instead on input line 726.
LaTeX Font Info:    Font shape `OT1/ptm/bx/it' in size <20> not available
(Font)              Font shape `OT1/ptm/b/it' tried instead on input line 726.
LaTeX Font Info:    Font shape `OT1/ptm/bx/n' in size <22> not available
(Font)              Font shape `OT1/ptm/b/n' tried instead on input line 726.
LaTeX Font Info:    Font shape `OT1/ptm/bx/it' in size <22> not available
(Font)              Font shape `OT1/ptm/b/it' tried instead on input line 726.
LaTeX Font Info:    Font shape `OT1/ptm/bx/n' in size <24> not available
(Font)              Font shape `OT1/ptm/b/n' tried instead on input line 726.
LaTeX Font Info:    Font shape `OT1/ptm/bx/it' in size <24> not available
(Font)              Font shape `OT1/ptm/b/it' tried instead on input line 726.
\IEEEilabelindentA=\dimen108
\IEEEilabelindentB=\dimen109
\IEEEilabelindent=\dimen110
\IEEEelabelindent=\dimen111
\IEEEdlabelindent=\dimen112
\IEEElabelindent=\dimen113
\IEEEiednormlabelsep=\dimen114
\IEEEiedmathlabelsep=\dimen115
\IEEEiedtopsep=\skip41
\c@section=\count81
\c@subsection=\count82
\c@subsubsection=\count83
\c@paragraph=\count84
\c@IEEEsubequation=\count85
\abovecaptionskip=\skip42
\belowcaptionskip=\skip43
\c@figure=\count86
\c@table=\count87
\@IEEEeqnnumcols=\count88
\@IEEEeqncolcnt=\count89
\@IEEEsubeqnnumrollback=\count90
\@IEEEtmpitemindent=\dimen116
\c@IEEEbiography=\count91
\@IEEEtranrubishbin=\box26
) (/usr/local/texlive/2014/texmf-dist/tex/generic/tex4ht/tex4ht.sty
version 2008-10-27-17:23
Package: tex4ht 
--------------------------------------
--- Note --- for _ at preamble, use the command line option `early_'
--------------------------------------
--------------------------------------
--- Note --- for ^ at preamble, use the command line option `early^'
--------------------------------------
\tmp:toks=\toks15
)
(/usr/local/texlive/2014/texmf-dist/tex/generic/tex4ht/usepackage.4ht
version 2009-05-21-09:32
)
(/usr/local/texlive/2014/texmf-dist/tex/latex/amsmath/amsmath.sty
Package: amsmath 2013/01/14 v2.14 AMS math features
\@mathmargin=\skip44

For additional information on amsmath, use the `?' option.
(/usr/local/texlive/2014/texmf-dist/tex/latex/amsmath/amstext.sty
Package: amstext 2000/06/29 v2.01

(/usr/local/texlive/2014/texmf-dist/tex/latex/amsmath/amsgen.sty
File: amsgen.sty 1999/11/30 v2.0
\@emptytoks=\toks16
\ex@=\dimen117
))
(/usr/local/texlive/2014/texmf-dist/tex/latex/amsmath/amsbsy.sty
Package: amsbsy 1999/11/29 v1.2d
\pmbraise@=\dimen118
)
(/usr/local/texlive/2014/texmf-dist/tex/latex/amsmath/amsopn.sty
Package: amsopn 1999/12/14 v2.01 operator names
)
\inf@bad=\count92
LaTeX Info: Redefining \frac on input line 210.
\uproot@=\count93
\leftroot@=\count94
LaTeX Info: Redefining \overline on input line 306.
\classnum@=\count95
\DOTSCASE@=\count96
LaTeX Info: Redefining \ldots on input line 378.
LaTeX Info: Redefining \dots on input line 381.
LaTeX Info: Redefining \cdots on input line 466.
\Mathstrutbox@=\box27
\strutbox@=\box28
\big@size=\dimen119
LaTeX Font Info:    Redeclaring font encoding OML on input line 566.
LaTeX Font Info:    Redeclaring font encoding OMS on input line 567.
\macc@depth=\count97
\c@MaxMatrixCols=\count98
\dotsspace@=\muskip10
\c@parentequation=\count99
\dspbrk@lvl=\count100
\tag@help=\toks17
\row@=\count101
\column@=\count102
\maxfields@=\count103
\andhelp@=\toks18
\eqnshift@=\dimen120
\alignsep@=\dimen121
\tagshift@=\dimen122
\tagwidth@=\dimen123
\totwidth@=\dimen124
\lineht@=\dimen125
\@envbody=\toks19
\multlinegap=\skip45
\multlinetaggap=\skip46
\mathdisplay@stack=\toks20
LaTeX Info: Redefining \[ on input line 2665.
LaTeX Info: Redefining \] on input line 2666.
)
(/usr/local/texlive/2014/texmf-dist/tex/latex/base/inputenc.sty
Package: inputenc 2014/04/30 v1.2b Input encoding file
\inpenc@prehook=\toks21
\inpenc@posthook=\toks22

(/usr/local/texlive/2014/texmf-dist/tex/latex/base/utf8.def
File: utf8.def 2008/04/05 v1.1m UTF-8 support for inputenc
Now handling font encoding OML ...
... no UTF-8 mapping file for font encoding OML
Now handling font encoding T1 ...
... processing UTF-8 mapping file for font encoding T1

(/usr/local/texlive/2014/texmf-dist/tex/latex/base/t1enc.dfu
File: t1enc.dfu 2008/04/05 v1.1m UTF-8 support for inputenc
   defining Unicode char U+00A1 (decimal 161)
   defining Unicode char U+00A3 (decimal 163)
   defining Unicode char U+00AB (decimal 171)
   defining Unicode char U+00BB (decimal 187)
   defining Unicode char U+00BF (decimal 191)
   defining Unicode char U+00C0 (decimal 192)
   defining Unicode char U+00C1 (decimal 193)
   defining Unicode char U+00C2 (decimal 194)
   defining Unicode char U+00C3 (decimal 195)
   defining Unicode char U+00C4 (decimal 196)
   defining Unicode char U+00C5 (decimal 197)
   defining Unicode char U+00C6 (decimal 198)
   defining Unicode char U+00C7 (decimal 199)
   defining Unicode char U+00C8 (decimal 200)
   defining Unicode char U+00C9 (decimal 201)
   defining Unicode char U+00CA (decimal 202)
   defining Unicode char U+00CB (decimal 203)
   defining Unicode char U+00CC (decimal 204)
   defining Unicode char U+00CD (decimal 205)
   defining Unicode char U+00CE (decimal 206)
   defining Unicode char U+00CF (decimal 207)
   defining Unicode char U+00D0 (decimal 208)
   defining Unicode char U+00D1 (decimal 209)
   defining Unicode char U+00D2 (decimal 210)
   defining Unicode char U+00D3 (decimal 211)
   defining Unicode char U+00D4 (decimal 212)
   defining Unicode char U+00D5 (decimal 213)
   defining Unicode char U+00D6 (decimal 214)
   defining Unicode char U+00D8 (decimal 216)
   defining Unicode char U+00D9 (decimal 217)
   defining Unicode char U+00DA (decimal 218)
   defining Unicode char U+00DB (decimal 219)
   defining Unicode char U+00DC (decimal 220)
   defining Unicode char U+00DD (decimal 221)
   defining Unicode char U+00DE (decimal 222)
   defining Unicode char U+00DF (decimal 223)
   defining Unicode char U+00E0 (decimal 224)
   defining Unicode char U+00E1 (decimal 225)
   defining Unicode char U+00E2 (decimal 226)
   defining Unicode char U+00E3 (decimal 227)
   defining Unicode char U+00E4 (decimal 228)
   defining Unicode char U+00E5 (decimal 229)
   defining Unicode char U+00E6 (decimal 230)
   defining Unicode char U+00E7 (decimal 231)
   defining Unicode char U+00E8 (decimal 232)
   defining Unicode char U+00E9 (decimal 233)
   defining Unicode char U+00EA (decimal 234)
   defining Unicode char U+00EB (decimal 235)
   defining Unicode char U+00EC (decimal 236)
   defining Unicode char U+00ED (decimal 237)
   defining Unicode char U+00EE (decimal 238)
   defining Unicode char U+00EF (decimal 239)
   defining Unicode char U+00F0 (decimal 240)
   defining Unicode char U+00F1 (decimal 241)
   defining Unicode char U+00F2 (decimal 242)
   defining Unicode char U+00F3 (decimal 243)
   defining Unicode char U+00F4 (decimal 244)
   defining Unicode char U+00F5 (decimal 245)
   defining Unicode char U+00F6 (decimal 246)
   defining Unicode char U+00F8 (decimal 248)
   defining Unicode char U+00F9 (decimal 249)
   defining Unicode char U+00FA (decimal 250)
   defining Unicode char U+00FB (decimal 251)
   defining Unicode char U+00FC (decimal 252)
   defining Unicode char U+00FD (decimal 253)
   defining Unicode char U+00FE (decimal 254)
   defining Unicode char U+00FF (decimal 255)
   defining Unicode char U+0102 (decimal 258)
   defining Unicode char U+0103 (decimal 259)
   defining Unicode char U+0104 (decimal 260)
   defining Unicode char U+0105 (decimal 261)
   defining Unicode char U+0106 (decimal 262)
   defining Unicode char U+0107 (decimal 263)
   defining Unicode char U+010C (decimal 268)
   defining Unicode char U+010D (decimal 269)
   defining Unicode char U+010E (decimal 270)
   defining Unicode char U+010F (decimal 271)
   defining Unicode char U+0110 (decimal 272)
   defining Unicode char U+0111 (decimal 273)
   defining Unicode char U+0118 (decimal 280)
   defining Unicode char U+0119 (decimal 281)
   defining Unicode char U+011A (decimal 282)
   defining Unicode char U+011B (decimal 283)
   defining Unicode char U+011E (decimal 286)
   defining Unicode char U+011F (decimal 287)
   defining Unicode char U+0130 (decimal 304)
   defining Unicode char U+0131 (decimal 305)
   defining Unicode char U+0132 (decimal 306)
   defining Unicode char U+0133 (decimal 307)
   defining Unicode char U+0139 (decimal 313)
   defining Unicode char U+013A (decimal 314)
   defining Unicode char U+013D (decimal 317)
   defining Unicode char U+013E (decimal 318)
   defining Unicode char U+0141 (decimal 321)
   defining Unicode char U+0142 (decimal 322)
   defining Unicode char U+0143 (decimal 323)
   defining Unicode char U+0144 (decimal 324)
   defining Unicode char U+0147 (decimal 327)
   defining Unicode char U+0148 (decimal 328)
   defining Unicode char U+014A (decimal 330)
   defining Unicode char U+014B (decimal 331)
   defining Unicode char U+0150 (decimal 336)
   defining Unicode char U+0151 (decimal 337)
   defining Unicode char U+0152 (decimal 338)
   defining Unicode char U+0153 (decimal 339)
   defining Unicode char U+0154 (decimal 340)
   defining Unicode char U+0155 (decimal 341)
   defining Unicode char U+0158 (decimal 344)
   defining Unicode char U+0159 (decimal 345)
   defining Unicode char U+015A (decimal 346)
   defining Unicode char U+015B (decimal 347)
   defining Unicode char U+015E (decimal 350)
   defining Unicode char U+015F (decimal 351)
   defining Unicode char U+0160 (decimal 352)
   defining Unicode char U+0161 (decimal 353)
   defining Unicode char U+0162 (decimal 354)
   defining Unicode char U+0163 (decimal 355)
   defining Unicode char U+0164 (decimal 356)
   defining Unicode char U+0165 (decimal 357)
   defining Unicode char U+016E (decimal 366)
   defining Unicode char U+016F (decimal 367)
   defining Unicode char U+0170 (decimal 368)
   defining Unicode char U+0171 (decimal 369)
   defining Unicode char U+0178 (decimal 376)
   defining Unicode char U+0179 (decimal 377)
   defining Unicode char U+017A (decimal 378)
   defining Unicode char U+017B (decimal 379)
   defining Unicode char U+017C (decimal 380)
   defining Unicode char U+017D (decimal 381)
   defining Unicode char U+017E (decimal 382)
   defining Unicode char U+200C (decimal 8204)
   defining Unicode char U+2013 (decimal 8211)
   defining Unicode char U+2014 (decimal 8212)
   defining Unicode char U+2018 (decimal 8216)
   defining Unicode char U+2019 (decimal 8217)
   defining Unicode char U+201A (decimal 8218)
   defining Unicode char U+201C (decimal 8220)
   defining Unicode char U+201D (decimal 8221)
   defining Unicode char U+201E (decimal 8222)
   defining Unicode char U+2030 (decimal 8240)
   defining Unicode char U+2031 (decimal 8241)
   defining Unicode char U+2039 (decimal 8249)
   defining Unicode char U+203A (decimal 8250)
   defining Unicode char U+2423 (decimal 9251)
)
Now handling font encoding OT1 ...
... processing UTF-8 mapping file for font encoding OT1

(/usr/local/texlive/2014/texmf-dist/tex/latex/base/ot1enc.dfu
File: ot1enc.dfu 2008/04/05 v1.1m UTF-8 support for inputenc
   defining Unicode char U+00A1 (decimal 161)
   defining Unicode char U+00A3 (decimal 163)
   defining Unicode char U+00B8 (decimal 184)
   defining Unicode char U+00BF (decimal 191)
   defining Unicode char U+00C5 (decimal 197)
   defining Unicode char U+00C6 (decimal 198)
   defining Unicode char U+00D8 (decimal 216)
   defining Unicode char U+00DF (decimal 223)
   defining Unicode char U+00E6 (decimal 230)
   defining Unicode char U+00EC (decimal 236)
   defining Unicode char U+00ED (decimal 237)
   defining Unicode char U+00EE (decimal 238)
   defining Unicode char U+00EF (decimal 239)
   defining Unicode char U+00F8 (decimal 248)
   defining Unicode char U+0131 (decimal 305)
   defining Unicode char U+0141 (decimal 321)
   defining Unicode char U+0142 (decimal 322)
   defining Unicode char U+0152 (decimal 338)
   defining Unicode char U+0153 (decimal 339)
   defining Unicode char U+2013 (decimal 8211)
   defining Unicode char U+2014 (decimal 8212)
   defining Unicode char U+2018 (decimal 8216)
   defining Unicode char U+2019 (decimal 8217)
   defining Unicode char U+201C (decimal 8220)
   defining Unicode char U+201D (decimal 8221)
)
Now handling font encoding OMS ...
... processing UTF-8 mapping file for font encoding OMS

(/usr/local/texlive/2014/texmf-dist/tex/latex/base/omsenc.dfu
File: omsenc.dfu 2008/04/05 v1.1m UTF-8 support for inputenc
   defining Unicode char U+00A7 (decimal 167)
   defining Unicode char U+00B6 (decimal 182)
   defining Unicode char U+00B7 (decimal 183)
   defining Unicode char U+2020 (decimal 8224)
   defining Unicode char U+2021 (decimal 8225)
   defining Unicode char U+2022 (decimal 8226)
)
Now handling font encoding OMX ...
... no UTF-8 mapping file for font encoding OMX
Now handling font encoding U ...
... no UTF-8 mapping file for font encoding U
   defining Unicode char U+00A9 (decimal 169)
   defining Unicode char U+00AA (decimal 170)
   defining Unicode char U+00AE (decimal 174)
   defining Unicode char U+00BA (decimal 186)
   defining Unicode char U+02C6 (decimal 710)
   defining Unicode char U+02DC (decimal 732)
   defining Unicode char U+200C (decimal 8204)
   defining Unicode char U+2026 (decimal 8230)
   defining Unicode char U+2122 (decimal 8482)
   defining Unicode char U+2423 (decimal 9251)
))
(/usr/local/texlive/2014/texmf-dist/tex/latex/base/fontenc.sty
Package: fontenc 2005/09/27 v1.99g Standard LaTeX package

(/usr/local/texlive/2014/texmf-dist/tex/latex/base/t1enc.def
File: t1enc.def 2005/09/27 v1.99g Standard LaTeX file
LaTeX Font Info:    Redeclaring font encoding T1 on input line 43.
)
LaTeX Font Info:    Try loading font information for T1+ptm on input line 100.

(/usr/local/texlive/2014/texmf-dist/tex/latex/psnfss/t1ptm.fd
File: t1ptm.fd 2001/06/04 font definitions for T1/ptm.
))
(/usr/local/texlive/2014/texmf-dist/tex/generic/babel/babel.sty
Package: babel 2014/03/24 3.9k The Babel package

(/usr/local/texlive/2014/texmf-dist/tex/generic/babel-portuges/portuges.ldf
Language: portuges 2008/03/18 v1.2q Portuguese support from the babel system

(/usr/local/texlive/2014/texmf-dist/tex/generic/babel/babel.def
File: babel.def 2014/03/24 3.9k Babel common definitions
\babel@savecnt=\count104
\U@D=\dimen126
)
Package babel Info: Making " an active character on input line 145.
))
(/usr/local/texlive/2014/texmf-dist/tex/latex/graphics/graphicx.sty
Package: graphicx 2014/04/25 v1.0g Enhanced LaTeX Graphics (DPC,SPQR)

(/usr/local/texlive/2014/texmf-dist/tex/latex/graphics/keyval.sty
Package: keyval 2014/05/08 v1.15 key=value parser (DPC)
\KV@toks@=\toks23
)
(/usr/local/texlive/2014/texmf-dist/tex/latex/graphics/graphics.sty
Package: graphics 2009/02/05 v1.0o Standard LaTeX Graphics (DPC,SPQR)

(/usr/local/texlive/2014/texmf-dist/tex/latex/graphics/trig.sty
Package: trig 1999/03/16 v1.09 sin cos tan (DPC)
)
(/usr/local/texlive/2014/texmf-dist/tex/latex/latexconfig/graphics.cfg
File: graphics.cfg 2010/04/23 v1.9 graphics configuration of TeX Live
)
Package graphics Info: Driver file: dvips.def on input line 91.

(/usr/local/texlive/2014/texmf-dist/tex/latex/graphics/dvips.def
File: dvips.def 2014/04/23 v3.0j Driver-dependant file (DPC,SPQR)
))
\Gin@req@height=\dimen127
\Gin@req@width=\dimen128
)
(/usr/local/texlive/2014/texmf-dist/tex/latex/listings/listings.sty
\lst@mode=\count105
\lst@gtempboxa=\box29
\lst@token=\toks24
\lst@length=\count106
\lst@currlwidth=\dimen129
\lst@column=\count107
\lst@pos=\count108
\lst@lostspace=\dimen130
\lst@width=\dimen131
\lst@newlines=\count109
\lst@lineno=\count110
\lst@maxwidth=\dimen132

(/usr/local/texlive/2014/texmf-dist/tex/latex/listings/lstmisc.sty
File: lstmisc.sty 2014/03/04 1.5c (Carsten Heinz)
\c@lstnumber=\count111
\lst@skipnumbers=\count112
\lst@framebox=\box30
)
(/usr/local/texlive/2014/texmf-dist/tex/latex/listings/listings.cfg
File: listings.cfg 2014/03/04 1.5c listings configuration
))
Package: listings 2014/03/04 1.5c (Carsten Heinz)

(/usr/local/texlive/2014/texmf-dist/tex/latex/oberdiek/epstopdf.sty
Package: epstopdf 2010/02/09 v2.5 Conversion with epstopdf on the fly (HO)

(/usr/local/texlive/2014/texmf-dist/tex/latex/oberdiek/epstopdf-base.sty
Package: epstopdf-base 2010/02/09 v2.5 Base part for package epstopdf

(/usr/local/texlive/2014/texmf-dist/tex/generic/oberdiek/infwarerr.sty
Package: infwarerr 2010/04/08 v1.3 Providing info/warning/error messages (HO)
)
(/usr/local/texlive/2014/texmf-dist/tex/latex/oberdiek/grfext.sty
Package: grfext 2010/08/19 v1.1 Manage graphics extensions (HO)

(/usr/local/texlive/2014/texmf-dist/tex/generic/oberdiek/kvdefinekeys.sty
Package: kvdefinekeys 2011/04/07 v1.3 Define keys (HO)

(/usr/local/texlive/2014/texmf-dist/tex/generic/oberdiek/ltxcmds.sty
Package: ltxcmds 2011/11/09 v1.22 LaTeX kernel commands for general use (HO)
)))
(/usr/local/texlive/2014/texmf-dist/tex/latex/oberdiek/kvoptions.sty
Package: kvoptions 2011/06/30 v3.11 Key value format for package options (HO)

(/usr/local/texlive/2014/texmf-dist/tex/generic/oberdiek/kvsetkeys.sty
Package: kvsetkeys 2012/04/25 v1.16 Key value parser (HO)

(/usr/local/texlive/2014/texmf-dist/tex/generic/oberdiek/etexcmds.sty
Package: etexcmds 2011/02/16 v1.5 Avoid name clashes with e-TeX commands (HO)

(/usr/local/texlive/2014/texmf-dist/tex/generic/oberdiek/ifluatex.sty
Package: ifluatex 2010/03/01 v1.3 Provides the ifluatex switch (HO)
Package ifluatex Info: LuaTeX not detected.
)
Package etexcmds Info: Could not find \expanded.
(etexcmds)             That can mean that you are not using pdfTeX 1.50 or
(etexcmds)             that some package has redefined \expanded.
(etexcmds)             In the latter case, load this package earlier.
)))
(/usr/local/texlive/2014/texmf-dist/tex/generic/oberdiek/pdftexcmds.sty
Package: pdftexcmds 2011/11/29 v0.20 Utility functions of pdfTeX for LuaTeX (HO
)

(/usr/local/texlive/2014/texmf-dist/tex/generic/oberdiek/ifpdf.sty
Package: ifpdf 2011/01/30 v2.3 Provides the ifpdf switch (HO)
Package ifpdf Info: pdfTeX in PDF mode is not detected.
)
Package pdftexcmds Info: LuaTeX not detected.
Package pdftexcmds Info: \pdf@primitive is available.
Package pdftexcmds Info: \pdf@ifprimitive is available.
Package pdftexcmds Info: \pdfdraftmode is ignored in DVI mode.
)

Package epstopdf Warning: Drivers other than `pdftex.def' are not supported.

)) (/usr/local/texlive/2014/texmf-dist/tex/latex/tools/array.sty
Package: array 2008/09/09 v2.4c Tabular extension package (FMi)
\col@sep=\dimen133
\extrarowheight=\dimen134
\NC@list=\toks25
\extratabsurround=\skip47
\backup@length=\skip48
)
(/usr/local/texlive/2014/texmf-dist/tex/latex/url/url.sty
\Urlmuskip=\muskip11
Package: url 2013/09/16  ver 3.4  Verb mode for urls, etc.
)
(/usr/local/texlive/2014/texmf-dist/tex/latex/kantlipsum/kantlipsum.sty
(/usr/local/texlive/2014/texmf-dist/tex/latex/l3kernel/expl3.sty
Package: expl3 2014/07/20 v5241 L3 programming layer (loader) 

(/usr/local/texlive/2014/texmf-dist/tex/latex/l3kernel/expl3-code.tex
Package: expl3 2014/07/20 v5241 L3 programming layer (code) 
L3 Module: l3bootstrap 2014/05/26 v4889 L3 Bootstrap code

(/usr/local/texlive/2014/texmf-dist/tex/latex/etex-pkg/etex.sty
Package: etex 1998/03/26 v2.0 eTeX basic definition package (PEB)
\et@xins=\count113
)
L3 Module: l3names 2014/06/02 v4993 L3 Namespace for primitives
L3 Module: l3basics 2014/07/09 v5187 L3 Basic definitions
L3 Module: l3expan 2014/06/16 v5146 L3 Argument expansion
L3 Module: l3tl 2014/07/17 v5214 L3 Token lists
L3 Module: l3str 2014/06/19 v5158 L3 Strings
L3 Module: l3seq 2014/07/18 v5232 L3 Sequences and stacks
L3 Module: l3int 2014/07/11 v5197 L3 Integers
\c_max_int=\count114
\l_tmpa_int=\count115
\l_tmpb_int=\count116
\g_tmpa_int=\count117
\g_tmpb_int=\count118
L3 Module: l3quark 2014/05/26 v4889 L3 Quarks
L3 Module: l3prg 2014/05/04 v4728 L3 Control structures
\g__prg_map_int=\count119
L3 Module: l3clist 2014/07/19 v5237 L3 Comma separated lists
L3 Module: l3token 2014/05/26 v4889 L3 Experimental token manipulation
L3 Module: l3prop 2014/07/17 v5215 L3 Property lists
L3 Module: l3msg 2014/05/30 v4943 L3 Messages
L3 Module: l3file 2014/07/09 v5188 L3 File and I/O operations
\l_iow_line_count_int=\count120
\l__iow_target_count_int=\count121
\l__iow_current_line_int=\count122
\l__iow_current_word_int=\count123
\l__iow_current_indentation_int=\count124
L3 Module: l3skip 2014/07/17 v5211 L3 Dimensions and skips
\c_zero_dim=\dimen135
\c_max_dim=\dimen136
\l_tmpa_dim=\dimen137
\l_tmpb_dim=\dimen138
\g_tmpa_dim=\dimen139
\g_tmpb_dim=\dimen140
\c_zero_skip=\skip49
\c_max_skip=\skip50
\l_tmpa_skip=\skip51
\l_tmpb_skip=\skip52
\g_tmpa_skip=\skip53
\g_tmpb_skip=\skip54
\c_zero_muskip=\muskip12
\c_max_muskip=\muskip13
\l_tmpa_muskip=\muskip14
\l_tmpb_muskip=\muskip15
\g_tmpa_muskip=\muskip16
\g_tmpb_muskip=\muskip17
L3 Module: l3keys 2014/06/12 v5121 L3 Key-value interfaces
\g__keyval_level_int=\count125
\l_keys_choice_int=\count126
L3 Module: l3fp 2014/07/18 v5223 L3 Floating points
\c__fp_leading_shift_int=\count127
\c__fp_middle_shift_int=\count128
\c__fp_trailing_shift_int=\count129
\c__fp_big_leading_shift_int=\count130
\c__fp_big_middle_shift_int=\count131
\c__fp_big_trailing_shift_int=\count132
\c__fp_Bigg_leading_shift_int=\count133
\c__fp_Bigg_middle_shift_int=\count134
\c__fp_Bigg_trailing_shift_int=\count135
L3 Module: l3box 2014/05/31 v4974 L3 Experimental boxes
\c_empty_box=\box31
\l_tmpa_box=\box32
\l_tmpb_box=\box33
\g_tmpa_box=\box34
\g_tmpb_box=\box35
L3 Module: l3coffins 2014/05/28 v4899 L3 Coffin code layer
\l__coffin_internal_box=\box36
\l__coffin_internal_dim=\dimen141
\l__coffin_offset_x_dim=\dimen142
\l__coffin_offset_y_dim=\dimen143
\l__coffin_x_dim=\dimen144
\l__coffin_y_dim=\dimen145
\l__coffin_x_prime_dim=\dimen146
\l__coffin_y_prime_dim=\dimen147
\c_empty_coffin=\box37
\l__coffin_aligned_coffin=\box38
\l__coffin_aligned_internal_coffin=\box39
\l_tmpa_coffin=\box40
\l_tmpb_coffin=\box41
\l__coffin_display_coffin=\box42
\l__coffin_display_coord_coffin=\box43
\l__coffin_display_pole_coffin=\box44
\l__coffin_display_offset_dim=\dimen148
\l__coffin_display_x_dim=\dimen149
\l__coffin_display_y_dim=\dimen150
L3 Module: l3color 2014/04/30 v4712 L3 Experimental color support
L3 Module: l3candidates 2014/07/18 v5232 L3 Experimental additions to l3kernel
\l__box_top_dim=\dimen151
\l__box_bottom_dim=\dimen152
\l__box_left_dim=\dimen153
\l__box_right_dim=\dimen154
\l__box_top_new_dim=\dimen155
\l__box_bottom_new_dim=\dimen156
\l__box_left_new_dim=\dimen157
\l__box_right_new_dim=\dimen158
\l__box_internal_box=\box45
\l__coffin_bounding_shift_dim=\dimen159
\l__coffin_left_corner_dim=\dimen160
\l__coffin_right_corner_dim=\dimen161
\l__coffin_bottom_corner_dim=\dimen162
\l__coffin_top_corner_dim=\dimen163
\l__coffin_scaled_total_height_dim=\dimen164
\l__coffin_scaled_width_dim=\dimen165
)
(/usr/local/texlive/2014/texmf-dist/tex/latex/l3kernel/l3unicode-data.def
File: l3unicode-data.def 2014/06/30 v5166 L3 Unicode data
)
(/usr/local/texlive/2014/texmf-dist/tex/latex/l3kernel/l3dvips.def
File: l3dvips.def 2014/07/18 v5232 L3 Experimental driver: dvips
))
Package: kantlipsum 2012/10/14 v0.6 Dummy text in Kantian style

(/usr/local/texlive/2014/texmf-dist/tex/latex/l3packages/xparse/xparse.sty
Package: xparse 2014/07/20 v5241 L3 Experimental document command parser
\l__xparse_current_arg_int=\count136
\l__xparse_m_args_int=\count137
\l__xparse_mandatory_args_int=\count138
\l__xparse_processor_int=\count139
\l__xparse_v_nesting_int=\count140
)
\l_kgl_start_int=\count141
\l_kgl_end_int=\count142
.................................................
. LaTeX info: "xparse/define-command"
. 
. Defining document command \kant with arg. spec. 's>{\SplitArgument
. {1}{-}}O{1-7}' on line 86.
.................................................
.................................................
. LaTeX info: "xparse/define-command"
. 
. Defining document command \kantdef with arg. spec. 'mm' on line 101.
.................................................
.................................................
. kantlipsum info: "how-many"
. 
. The package provides paragraphs 1 to 164. Values outside this range will be
. ignored.
.................................................
)
(/usr/local/texlive/2014/texmf-dist/tex/latex/tools/afterpage.sty
Package: afterpage 1995/10/27 v1.08 After-Page Package (DPC)
\AP@output=\toks26
\AP@partial=\box46
\AP@footins=\box47
)
(/usr/local/texlive/2014/texmf-dist/tex/latex/oberdiek/grffile.sty
Package: grffile 2012/04/05 v1.16 Extended file name support for graphics (HO)

(/usr/local/texlive/2014/texmf-dist/tex/generic/ifxetex/ifxetex.sty
Package: ifxetex 2010/09/12 v0.6 Provides ifxetex conditional
)
Package grffile Info: Option `multidot' is set to `true'.
Package grffile Info: Option `extendedchars' is set to `false'.
Package grffile Info: Option `space' is set to `true'.
Package grffile Info: \Gin@ii of package `graphicx' fixed on input line 486.
)
(./mcode.sty
-- Package: `mcode' 2.5 <2014/03/06> --
Package: mcode 2014/03/06 2.5
 - settings optimized for display (colour formating)
 - line numbering enabled
 - literate programming (character replacements) enabled
 - automatic line breaking enabled (careful, buggy!)
 - framed listings
(/usr/local/texlive/2014/texmf-dist/tex/latex/xcolor/xcolor.sty
Package: xcolor 2007/01/21 v2.11 LaTeX color extensions (UK)

(/usr/local/texlive/2014/texmf-dist/tex/latex/latexconfig/color.cfg
File: color.cfg 2007/01/18 v1.5 color configuration of teTeX/TeXLive
)
Package xcolor Info: Driver file: dvips.def on input line 225.
Package xcolor Info: Model `cmy' substituted by `cmy0' on input line 1337.
Package xcolor Info: Model `RGB' extended on input line 1353.
Package xcolor Info: Model `HTML' substituted by `rgb' on input line 1355.
Package xcolor Info: Model `Hsb' substituted by `hsb' on input line 1356.
Package xcolor Info: Model `tHsb' substituted by `hsb' on input line 1357.
Package xcolor Info: Model `HSB' substituted by `hsb' on input line 1358.
Package xcolor Info: Model `Gray' substituted by `gray' on input line 1359.
Package xcolor Info: Model `wave' substituted by `hsb' on input line 1360.
)
(/usr/local/texlive/2014/texmf-dist/tex/latex/base/textcomp.sty
Package: textcomp 2005/09/27 v1.99g Standard LaTeX package
Package textcomp Info: Sub-encoding information:
(textcomp)               5 = only ISO-Adobe without \textcurrency
(textcomp)               4 = 5 + \texteuro
(textcomp)               3 = 4 + \textohm
(textcomp)               2 = 3 + \textestimated + \textcurrency
(textcomp)               1 = TS1 - \textcircled - \t
(textcomp)               0 = TS1 (full)
(textcomp)             Font families with sub-encoding setting implement
(textcomp)             only a restricted character set as indicated.
(textcomp)             Family '?' is the default used for unknown fonts.
(textcomp)             See the documentation for details.
Package textcomp Info: Setting ? sub-encoding to TS1/1 on input line 71.

(/usr/local/texlive/2014/texmf-dist/tex/latex/base/ts1enc.def
File: ts1enc.def 2001/06/05 v3.0e (jk/car/fm) Standard LaTeX file
Now handling font encoding TS1 ...
... processing UTF-8 mapping file for font encoding TS1

(/usr/local/texlive/2014/texmf-dist/tex/latex/base/ts1enc.dfu
File: ts1enc.dfu 2008/04/05 v1.1m UTF-8 support for inputenc
   defining Unicode char U+00A2 (decimal 162)
   defining Unicode char U+00A3 (decimal 163)
   defining Unicode char U+00A4 (decimal 164)
   defining Unicode char U+00A5 (decimal 165)
   defining Unicode char U+00A6 (decimal 166)
   defining Unicode char U+00A7 (decimal 167)
   defining Unicode char U+00A8 (decimal 168)
   defining Unicode char U+00A9 (decimal 169)
   defining Unicode char U+00AA (decimal 170)
   defining Unicode char U+00AC (decimal 172)
   defining Unicode char U+00AE (decimal 174)
   defining Unicode char U+00AF (decimal 175)
   defining Unicode char U+00B0 (decimal 176)
   defining Unicode char U+00B1 (decimal 177)
   defining Unicode char U+00B2 (decimal 178)
   defining Unicode char U+00B3 (decimal 179)
   defining Unicode char U+00B4 (decimal 180)
   defining Unicode char U+00B5 (decimal 181)
   defining Unicode char U+00B6 (decimal 182)
   defining Unicode char U+00B7 (decimal 183)
   defining Unicode char U+00B9 (decimal 185)
   defining Unicode char U+00BA (decimal 186)
   defining Unicode char U+00BC (decimal 188)
   defining Unicode char U+00BD (decimal 189)
   defining Unicode char U+00BE (decimal 190)
   defining Unicode char U+00D7 (decimal 215)
   defining Unicode char U+00F7 (decimal 247)
   defining Unicode char U+0192 (decimal 402)
   defining Unicode char U+02C7 (decimal 711)
   defining Unicode char U+02D8 (decimal 728)
   defining Unicode char U+02DD (decimal 733)
   defining Unicode char U+0E3F (decimal 3647)
   defining Unicode char U+2016 (decimal 8214)
   defining Unicode char U+2020 (decimal 8224)
   defining Unicode char U+2021 (decimal 8225)
   defining Unicode char U+2022 (decimal 8226)
   defining Unicode char U+2030 (decimal 8240)
   defining Unicode char U+2031 (decimal 8241)
   defining Unicode char U+203B (decimal 8251)
   defining Unicode char U+203D (decimal 8253)
   defining Unicode char U+2044 (decimal 8260)
   defining Unicode char U+204E (decimal 8270)
   defining Unicode char U+2052 (decimal 8274)
   defining Unicode char U+20A1 (decimal 8353)
   defining Unicode char U+20A4 (decimal 8356)
   defining Unicode char U+20A6 (decimal 8358)
   defining Unicode char U+20A9 (decimal 8361)
   defining Unicode char U+20AB (decimal 8363)
   defining Unicode char U+20AC (decimal 8364)
   defining Unicode char U+20B1 (decimal 8369)
   defining Unicode char U+2103 (decimal 8451)
   defining Unicode char U+2116 (decimal 8470)
   defining Unicode char U+2117 (decimal 8471)
   defining Unicode char U+211E (decimal 8478)
   defining Unicode char U+2120 (decimal 8480)
   defining Unicode char U+2122 (decimal 8482)
   defining Unicode char U+2126 (decimal 8486)
   defining Unicode char U+2127 (decimal 8487)
   defining Unicode char U+212E (decimal 8494)
   defining Unicode char U+2190 (decimal 8592)
   defining Unicode char U+2191 (decimal 8593)
   defining Unicode char U+2192 (decimal 8594)
   defining Unicode char U+2193 (decimal 8595)
   defining Unicode char U+2329 (decimal 9001)
   defining Unicode char U+232A (decimal 9002)
   defining Unicode char U+2422 (decimal 9250)
   defining Unicode char U+25E6 (decimal 9702)
   defining Unicode char U+25EF (decimal 9711)
   defining Unicode char U+266A (decimal 9834)
))
LaTeX Info: Redefining \oldstylenums on input line 266.
Package textcomp Info: Setting cmr sub-encoding to TS1/0 on input line 281.
Package textcomp Info: Setting cmss sub-encoding to TS1/0 on input line 282.
Package textcomp Info: Setting cmtt sub-encoding to TS1/0 on input line 283.
Package textcomp Info: Setting cmvtt sub-encoding to TS1/0 on input line 284.
Package textcomp Info: Setting cmbr sub-encoding to TS1/0 on input line 285.
Package textcomp Info: Setting cmtl sub-encoding to TS1/0 on input line 286.
Package textcomp Info: Setting ccr sub-encoding to TS1/0 on input line 287.
Package textcomp Info: Setting ptm sub-encoding to TS1/4 on input line 288.
Package textcomp Info: Setting pcr sub-encoding to TS1/4 on input line 289.
Package textcomp Info: Setting phv sub-encoding to TS1/4 on input line 290.
Package textcomp Info: Setting ppl sub-encoding to TS1/3 on input line 291.
Package textcomp Info: Setting pag sub-encoding to TS1/4 on input line 292.
Package textcomp Info: Setting pbk sub-encoding to TS1/4 on input line 293.
Package textcomp Info: Setting pnc sub-encoding to TS1/4 on input line 294.
Package textcomp Info: Setting pzc sub-encoding to TS1/4 on input line 295.
Package textcomp Info: Setting bch sub-encoding to TS1/4 on input line 296.
Package textcomp Info: Setting put sub-encoding to TS1/5 on input line 297.
Package textcomp Info: Setting uag sub-encoding to TS1/5 on input line 298.
Package textcomp Info: Setting ugq sub-encoding to TS1/5 on input line 299.
Package textcomp Info: Setting ul8 sub-encoding to TS1/4 on input line 300.
Package textcomp Info: Setting ul9 sub-encoding to TS1/4 on input line 301.
Package textcomp Info: Setting augie sub-encoding to TS1/5 on input line 302.
Package textcomp Info: Setting dayrom sub-encoding to TS1/3 on input line 303.
Package textcomp Info: Setting dayroms sub-encoding to TS1/3 on input line 304.

Package textcomp Info: Setting pxr sub-encoding to TS1/0 on input line 305.
Package textcomp Info: Setting pxss sub-encoding to TS1/0 on input line 306.
Package textcomp Info: Setting pxtt sub-encoding to TS1/0 on input line 307.
Package textcomp Info: Setting txr sub-encoding to TS1/0 on input line 308.
Package textcomp Info: Setting txss sub-encoding to TS1/0 on input line 309.
Package textcomp Info: Setting txtt sub-encoding to TS1/0 on input line 310.
Package textcomp Info: Setting lmr sub-encoding to TS1/0 on input line 311.
Package textcomp Info: Setting lmdh sub-encoding to TS1/0 on input line 312.
Package textcomp Info: Setting lmss sub-encoding to TS1/0 on input line 313.
Package textcomp Info: Setting lmssq sub-encoding to TS1/0 on input line 314.
Package textcomp Info: Setting lmvtt sub-encoding to TS1/0 on input line 315.
Package textcomp Info: Setting qhv sub-encoding to TS1/0 on input line 316.
Package textcomp Info: Setting qag sub-encoding to TS1/0 on input line 317.
Package textcomp Info: Setting qbk sub-encoding to TS1/0 on input line 318.
Package textcomp Info: Setting qcr sub-encoding to TS1/0 on input line 319.
Package textcomp Info: Setting qcs sub-encoding to TS1/0 on input line 320.
Package textcomp Info: Setting qpl sub-encoding to TS1/0 on input line 321.
Package textcomp Info: Setting qtm sub-encoding to TS1/0 on input line 322.
Package textcomp Info: Setting qzc sub-encoding to TS1/0 on input line 323.
Package textcomp Info: Setting qhvc sub-encoding to TS1/0 on input line 324.
Package textcomp Info: Setting futs sub-encoding to TS1/4 on input line 325.
Package textcomp Info: Setting futx sub-encoding to TS1/4 on input line 326.
Package textcomp Info: Setting futj sub-encoding to TS1/4 on input line 327.
Package textcomp Info: Setting hlh sub-encoding to TS1/3 on input line 328.
Package textcomp Info: Setting hls sub-encoding to TS1/3 on input line 329.
Package textcomp Info: Setting hlst sub-encoding to TS1/3 on input line 330.
Package textcomp Info: Setting hlct sub-encoding to TS1/5 on input line 331.
Package textcomp Info: Setting hlx sub-encoding to TS1/5 on input line 332.
Package textcomp Info: Setting hlce sub-encoding to TS1/5 on input line 333.
Package textcomp Info: Setting hlcn sub-encoding to TS1/5 on input line 334.
Package textcomp Info: Setting hlcw sub-encoding to TS1/5 on input line 335.
Package textcomp Info: Setting hlcf sub-encoding to TS1/5 on input line 336.
Package textcomp Info: Setting pplx sub-encoding to TS1/3 on input line 337.
Package textcomp Info: Setting pplj sub-encoding to TS1/3 on input line 338.
Package textcomp Info: Setting ptmx sub-encoding to TS1/4 on input line 339.
Package textcomp Info: Setting ptmj sub-encoding to TS1/4 on input line 340.
)
\lbreakdots=\box48
LaTeX Font Info:    Try loading font information for T1+pcr on input line 229.

(/usr/local/texlive/2014/texmf-dist/tex/latex/psnfss/t1pcr.fd
File: t1pcr.fd 2001/06/04 font definitions for T1/pcr.
))
(/usr/local/texlive/2014/texmf-dist/tex/latex/caption/caption.sty
Package: caption 2013/05/02 v3.3-89 Customizing captions (AR)

(/usr/local/texlive/2014/texmf-dist/tex/latex/caption/caption3.sty
Package: caption3 2013/05/02 v1.6-88 caption3 kernel (AR)
Package caption3 Info: TeX engine: e-TeX on input line 57.
\captionmargin=\dimen166
\captionmargin@=\dimen167
\captionwidth=\dimen168
\caption@tempdima=\dimen169
\caption@indent=\dimen170
\caption@parindent=\dimen171
\caption@hangindent=\dimen172
Package caption Info: Unknown document class (or package),
(caption)             standard defaults will be used.
)

Package caption Warning: Unsupported document class (or package) detected,
(caption)                usage of the caption package is not recommended.
See the caption package documentation for explanation.

Package caption Info: \@makecaption = \long macro:#1#2->\ifx \@captype \@IEEEta
blestring \footnotesize \bgroup \par \centering \@IEEEtabletopskipstrut {\norma
lfont \footnotesize #1}\\{\normalfont \footnotesize \scshape #2}\par \addvspace
 {0.5\baselineskip }\egroup \@IEEEtablecaptionsepspace \else \@IEEEfigurecaptio
nsepspace \setbox \@tempboxa \hbox {\normalfont \footnotesize {#1.}\nobreakspac
e \nobreakspace #2}\ifdim \wd \@tempboxa >\hsize \setbox \@tempboxa \hbox {\nor
malfont \footnotesize {#1.}\nobreakspace \nobreakspace }\parbox [t]{\hsize }{\n
ormalfont \footnotesize \noindent \unhbox \@tempboxa #2}\else \ifCLASSOPTIONcon
ference \hbox to\hsize {\normalfont \footnotesize \hfil \box \@tempboxa \hfil }
\else \hbox to\hsize {\normalfont \footnotesize \box \@tempboxa \hfil }\fi \fi 
\fi .
\c@ContinuedFloat=\count143
Package caption Info: listings package is loaded.
) (/usr/local/texlive/2014/texmf-dist/tex/latex/caption/subcaption.sty
Package: subcaption 2013/02/03 v1.1-62 Sub-captions (AR)
\c@subfigure=\count144
\c@subtable=\count145
)
(/usr/local/texlive/2014/texmf-dist/tex/generic/tex4ht/tex4ht.4ht
version 2009-01-07-07:11
--------------------------------------
--- Note --- for additional information, use the command line option `info'
--------------------------------------

::::::::::::::::::::::::::::::::::::::::::
 TeX4ht info is available in the log file 
::::::::::::::::::::::::::::::::::::::::::
) (/usr/local/texlive/2014/texmf-dist/tex/generic/tex4ht/tex4ht.sty
version 2008-10-27-17:23

--- needs --- tex4ht RNA ---
\tmp:cnt=\count146
\openout15 = `RNA.tmp'.

(./RNA.tmp)
\tmp:dim=\skip55
--------------------------------------
--- Note --- for XML code, use the command line option `xml' or `xhtml'
--------------------------------------
 (./RNA.xref)
\:refout=\write3
\openout3 = `RNA.xref'.


(/usr/local/texlive/2014/texmf-dist/tex/generic/tex4ht/html4.4ht
--------------------------------------
--- Note --- to remove the <?xml version=...?> processing instruction use the c
ommand line option `no-VERSION'
--------------------------------------
--------------------------------------
--- Note --- to remove the DOCTYPE declaration use the command line option `no-
DOCTYPE'
--------------------------------------
)
(/usr/local/texlive/2014/texmf-dist/tex/generic/tex4ht/html4-math.4ht
version 2009-05-18-23:01
)
--------------------------------------
--- Note --- for marking of the base font, use the command line option `fonts+'

--------------------------------------
--------------------------------------
--- Note --- for non active _, use the command line option `no_'
--------------------------------------
--------------------------------------
--- Note --- for _ of catcode 13, use the command line option `_13'
--------------------------------------
--------------------------------------
--- Note --- for non active ^, use the command line option `no^'
--------------------------------------
--------------------------------------
--- Note --- for ^ of catcode 13, use the command line option `^13'
--------------------------------------

(/usr/local/texlive/2014/texmf-dist/tex/generic/tex4ht/html4.4ht
--------------------------------------
--- Note --- for alternative charset, use the command line option `charset=...'

--------------------------------------
--------------------------------------
--- Note --- to ignore CSS font decoration, use the `NoFonts' command line opti
on
--------------------------------------
--------------------------------------
--- Note --- for jpg bitmaps of pictures, use the `jpg' command line option. (C
haracter bitmaps are controled only by `g' records of tex4ht.env and `-g' switc
hes of tex4ht.c) 
--------------------------------------
--------------------------------------
--- Note --- for gif bitmaps of pictures, use the `gif' command line option. (C
haracter bitmaps are controled only by `g' records of tex4ht.env and `-g' switc
hes of tex4ht.c) 
--------------------------------------
--------------------------------------
--- Note --- for content and toc in 2 frames, use the command line option `fram
es'
--------------------------------------
--------------------------------------
--- Note --- for content, toc, and footnotes in 3 frames, use the command line 
option `frames-fn'
--------------------------------------
--------------------------------------
--- Note --- for file extension name xht, use the command line option `xht'
--------------------------------------
TeX4ht package options: html
--------------------------------------
--- Note --- to ignore CSS code, use the command line option `-css
--------------------------------------
--------------------------------------
--- Note --- for inline CSS code, use the command line option `css-in'
--------------------------------------
--------------------------------------
--- Note --- for pop ups on mouse over, use the command line option `mouseover'

--------------------------------------
--------------------------------------
--- Note --- for addressing images in a subdirectory, use the command line opti
on `imgdir:.../'
--------------------------------------
)
(/usr/local/texlive/2014/texmf-dist/tex/generic/tex4ht/html4-math.4ht
version 2009-05-18-23:01
)
\:tokwrite=\toks27
\:tokpage=\toks28
--------------------------------------
--- Note --- for back links to toc, use the command line option `sections+'
--------------------------------------
--------------------------------------
--- Note --- for linear crosslinks of pages, use the command line option `next'

--------------------------------------
\openout15 = `RNA.4ct'.

\:tocout=\write4
\openout4 = `RNA.4tc'.


(/usr/local/texlive/2014/texmf-dist/tex/generic/tex4ht/html4.4ht)
(/usr/local/texlive/2014/texmf-dist/tex/generic/tex4ht/html4-math.4ht
version 2009-05-18-23:01
)
(/usr/local/texlive/2014/texmf-dist/tex/generic/tex4ht/latex.4ht
version 2009-05-21-09:32
--------------------------------------
--- Note --- for links into captions, instead of float heads, use the command l
ine option `refcaption'
--------------------------------------

(/usr/local/texlive/2014/texmf-dist/tex/generic/tex4ht/html4.4ht
--------------------------------------
--- Note --- For mini tocs immediately aftter the header use the command line o
ption `minitoc<'
--------------------------------------
--------------------------------------
--- Note --- for enumerated list elements with valued data, use the command lin
e option `enumerate+'
--------------------------------------
--------------------------------------
--- Note --- for enumerated list elements li's with value attributes, use the c
ommand line option `enumerate-'
--------------------------------------
--------------------------------------
--- Note --- for CSS2 code, use the command line option `css2'
--------------------------------------
--------------------------------------
--- Note --- for pictorial tabular, use the command line option `pic-tabular'
--------------------------------------
--------------------------------------
--- Note --- for bitmap fbox'es, use the command line option `pic-fbox'
--------------------------------------
--------------------------------------
--- Note --- for bitmap framebox'es, use the command line option `pic-framebox'

--------------------------------------
--------------------------------------
--- Note --- for inline footnotes use command line option `fn-in'
--------------------------------------
--------------------------------------
--- Note --- for tracing of latex font commands, use the command line option `f
onts'
--------------------------------------
--------------------------------------
--- Note --- for width specifications of tabular p entries, use the `p-width' c
ommand line option or a configuration similar to \Configure{HColWidth}{\HCode{ 
style="width:\HColWidth"}}
--------------------------------------
)
(/usr/local/texlive/2014/texmf-dist/tex/generic/tex4ht/html4-math.4ht
version 2009-05-18-23:01
--------------------------------------
--- Note --- for pictorial eqnarray, use the command line option `pic-eqnarray'

--------------------------------------
--------------------------------------
--- Note --- for pictorial array, use the command line option `pic-array'
--------------------------------------
--------------------------------------
--- Note --- for pictorial $...$ environments, use the command line option `pic
-m' (not recommended!!)
--------------------------------------
--------------------------------------
--- Note --- for pictorial $...$ and $$...$$ environments with latex alt, use t
he command line option `pic-m+' (not safe!!)
--------------------------------------
--------------------------------------
--- Note --- for pictorial array, use the command line option `pic-array'
--------------------------------------
))
(/usr/local/texlive/2014/texmf-dist/tex/generic/tex4ht/fontmath.4ht
version 2009-05-21-09:32

(/usr/local/texlive/2014/texmf-dist/tex/generic/tex4ht/html4.4ht)
(/usr/local/texlive/2014/texmf-dist/tex/generic/tex4ht/html4-math.4ht
version 2009-05-18-23:01
))
(/usr/local/texlive/2014/texmf-dist/tex/generic/tex4ht/IEEEtran.4ht
version 2009-05-21-09:32

(/usr/local/texlive/2014/texmf-dist/tex/generic/tex4ht/html4.4ht)
(/usr/local/texlive/2014/texmf-dist/tex/generic/tex4ht/html4-math.4ht
version 2009-05-18-23:01
))
(/usr/local/texlive/2014/texmf-dist/tex/generic/tex4ht/amsmath.4ht
version 2009-05-21-09:32
\tmp:muskip=\muskip18

(/usr/local/texlive/2014/texmf-dist/tex/generic/tex4ht/html4.4ht)
(/usr/local/texlive/2014/texmf-dist/tex/generic/tex4ht/html4-math.4ht
version 2009-05-18-23:01
))
(/usr/local/texlive/2014/texmf-dist/tex/generic/tex4ht/amstext.4ht
version 2009-05-21-09:32

(/usr/local/texlive/2014/texmf-dist/tex/generic/tex4ht/html4.4ht)
(/usr/local/texlive/2014/texmf-dist/tex/generic/tex4ht/html4-math.4ht
version 2009-05-18-23:01
))
(/usr/local/texlive/2014/texmf-dist/tex/generic/tex4ht/amsbsy.4ht
version 2009-05-21-09:32

(/usr/local/texlive/2014/texmf-dist/tex/generic/tex4ht/html4.4ht)
(/usr/local/texlive/2014/texmf-dist/tex/generic/tex4ht/html4-math.4ht
version 2009-05-18-23:01
))
(/usr/local/texlive/2014/texmf-dist/tex/generic/tex4ht/amsopn.4ht
version 2009-05-21-09:32

(/usr/local/texlive/2014/texmf-dist/tex/generic/tex4ht/html4.4ht)
(/usr/local/texlive/2014/texmf-dist/tex/generic/tex4ht/html4-math.4ht
version 2009-05-18-23:01
))
(/usr/local/texlive/2014/texmf-dist/tex/generic/tex4ht/inputenc.4ht
version 2009-05-21-09:32

(/usr/local/texlive/2014/texmf-dist/tex/generic/tex4ht/html4.4ht)
(/usr/local/texlive/2014/texmf-dist/tex/generic/tex4ht/html4-math.4ht
version 2009-05-18-23:01
))
(/usr/local/texlive/2014/texmf-dist/tex/generic/tex4ht/utf8.4ht
version 2009-05-21-09:32

(/usr/local/texlive/2014/texmf-dist/tex/generic/tex4ht/html4.4ht)
(/usr/local/texlive/2014/texmf-dist/tex/generic/tex4ht/html4-math.4ht
version 2009-05-18-23:01
))
(/usr/local/texlive/2014/texmf-dist/tex/generic/tex4ht/babel.4ht
version 2009-05-21-09:32

(/usr/local/texlive/2014/texmf-dist/tex/generic/tex4ht/html4.4ht)
(/usr/local/texlive/2014/texmf-dist/tex/generic/tex4ht/html4-math.4ht
version 2009-05-18-23:01
))
(/usr/local/texlive/2014/texmf-dist/tex/generic/tex4ht/portuges.4ht
version 2009-05-21-09:32

(/usr/local/texlive/2014/texmf-dist/tex/generic/tex4ht/html4.4ht)
(/usr/local/texlive/2014/texmf-dist/tex/generic/tex4ht/html4-math.4ht
version 2009-05-18-23:01
))
(/usr/local/texlive/2014/texmf-dist/tex/generic/tex4ht/graphicx.4ht
version 2009-05-21-09:32

(/usr/local/texlive/2014/texmf-dist/tex/generic/tex4ht/html4.4ht)
(/usr/local/texlive/2014/texmf-dist/tex/generic/tex4ht/html4-math.4ht
version 2009-05-18-23:01
))
(/usr/local/texlive/2014/texmf-dist/tex/generic/tex4ht/graphics.4ht
version 2009-05-21-09:32

(/usr/local/texlive/2014/texmf-dist/tex/generic/tex4ht/html4.4ht
--------------------------------------
--- Note --- if included graphics are of degraded quality, try the command line
 options `graphics-num' or `graphics-'. The `num' should provide the density of
 pixels in the bitmaps (e.g., 110). 
--------------------------------------
--------------------------------------
--- Note --- for key dimensions try the option `Gin-dim'; for key dimensions wh
en bounding box is unavailable try `Gin-dim+'; neither is recommended
--------------------------------------
)
(/usr/local/texlive/2014/texmf-dist/tex/generic/tex4ht/html4-math.4ht
version 2009-05-18-23:01
))
(/usr/local/texlive/2014/texmf-dist/tex/generic/tex4ht/dvips.4ht
version 2009-05-21-09:32

(/usr/local/texlive/2014/texmf-dist/tex/generic/tex4ht/html4.4ht)
(/usr/local/texlive/2014/texmf-dist/tex/generic/tex4ht/html4-math.4ht
version 2009-05-18-23:01
))
(/usr/local/texlive/2014/texmf-dist/tex/generic/tex4ht/listings.4ht
version 2014-07-13-16:08

(/usr/local/texlive/2014/texmf-dist/tex/generic/tex4ht/html4.4ht
--------------------------------------
--- Note --- to ensure proper alignments use fixed size fonts (see listings.dtx
)
--------------------------------------
)
(/usr/local/texlive/2014/texmf-dist/tex/generic/tex4ht/html4-math.4ht
version 2009-05-18-23:01
))
(/usr/local/texlive/2014/texmf-dist/tex/generic/tex4ht/array.4ht
version 2009-05-21-09:32

(/usr/local/texlive/2014/texmf-dist/tex/generic/tex4ht/html4.4ht)
(/usr/local/texlive/2014/texmf-dist/tex/generic/tex4ht/html4-math.4ht
version 2009-05-18-23:01
--------------------------------------
--- Note --- for pictorial array, use the command line option `pic-array'
--------------------------------------
))
(/usr/local/texlive/2014/texmf-dist/tex/generic/tex4ht/url.4ht
version 2009-05-21-09:32

(/usr/local/texlive/2014/texmf-dist/tex/generic/tex4ht/html4.4ht
--------------------------------------
--- Note --- for URL encoding within href use the command line option `url-enc'

--------------------------------------
)
(/usr/local/texlive/2014/texmf-dist/tex/generic/tex4ht/html4-math.4ht
version 2009-05-18-23:01
))
(/usr/local/texlive/2014/texmf-dist/tex/generic/tex4ht/afterpage.4ht
version 2009-05-21-09:32

l.37 --- TeX4ht warning --- afterpage.sty not supported ---
(/usr/local/texlive/2014/texmf-dist/tex/generic/tex4ht/html4.4ht)
(/usr/local/texlive/2014/texmf-dist/tex/generic/tex4ht/html4-math.4ht
version 2009-05-18-23:01
))
(/usr/local/texlive/2014/texmf-dist/tex/generic/tex4ht/xcolor.4ht
version 2009-05-21-09:32

(/usr/local/texlive/2014/texmf-dist/tex/generic/tex4ht/color.4ht
version 2009-05-21-09:32

(/usr/local/texlive/2014/texmf-dist/tex/generic/tex4ht/html4.4ht)
(/usr/local/texlive/2014/texmf-dist/tex/generic/tex4ht/html4-math.4ht
version 2009-05-18-23:01
))
(/usr/local/texlive/2014/texmf-dist/tex/generic/tex4ht/html4.4ht)
(/usr/local/texlive/2014/texmf-dist/tex/generic/tex4ht/html4-math.4ht
version 2009-05-18-23:01
))
(/usr/local/texlive/2014/texmf-dist/tex/generic/tex4ht/color.4ht
version 2009-05-21-09:32
)
(/usr/local/texlive/2014/texmf-dist/tex/generic/tex4ht/caption.4ht
version 2013-03-03-19:41

(/usr/local/texlive/2014/texmf-dist/tex/generic/tex4ht/html4.4ht)
(/usr/local/texlive/2014/texmf-dist/tex/generic/tex4ht/html4-math.4ht
version 2009-05-18-23:01
))
(/usr/local/texlive/2014/texmf-dist/tex/generic/tex4ht/html4.4ht)
(/usr/local/texlive/2014/texmf-dist/tex/generic/tex4ht/html4-math.4ht
version 2009-05-18-23:01
))
(./RNA.aux

LaTeX Warning: Label `IEEEhowto:kopka' multiply defined.


LaTeX Warning: Label `IEEEhowto:kopka' multiply defined.


LaTeX Warning: Label `IEEEhowto:kopka' multiply defined.


LaTeX Warning: Label `IEEEhowto:kopka' multiply defined.


LaTeX Warning: Label `IEEEhowto:kopka' multiply defined.

)
\openout1 = `RNA.aux'.

LaTeX Font Info:    Checking defaults for OML/cmm/m/it on input line 74.
LaTeX Font Info:    ... okay on input line 74.
LaTeX Font Info:    Checking defaults for T1/cmr/m/n on input line 74.
LaTeX Font Info:    ... okay on input line 74.
LaTeX Font Info:    Checking defaults for OT1/cmr/m/n on input line 74.
LaTeX Font Info:    ... okay on input line 74.
LaTeX Font Info:    Checking defaults for OMS/cmsy/m/n on input line 74.
LaTeX Font Info:    ... okay on input line 74.
LaTeX Font Info:    Checking defaults for OMX/cmex/m/n on input line 74.
LaTeX Font Info:    ... okay on input line 74.
LaTeX Font Info:    Checking defaults for U/cmr/m/n on input line 74.
LaTeX Font Info:    ... okay on input line 74.
LaTeX Font Info:    Checking defaults for TS1/cmr/m/n on input line 74.
LaTeX Font Info:    Try loading font information for TS1+cmr on input line 74.
 (/usr/local/texlive/2014/texmf-dist/tex/latex/base/ts1cmr.fd
File: ts1cmr.fd 1999/05/25 v2.5h Standard LaTeX font definitions
)
LaTeX Font Info:    ... okay on input line 74.
LaTeX Font Info:    Font shape `T1/ptm/bx/n' in size <6> not available
(Font)              Font shape `T1/ptm/b/n' tried instead on input line 74.
LaTeX Font Info:    Font shape `T1/ptm/bx/it' in size <6> not available
(Font)              Font shape `T1/ptm/b/it' tried instead on input line 74.
LaTeX Font Info:    Font shape `T1/ptm/bx/n' in size <8> not available
(Font)              Font shape `T1/ptm/b/n' tried instead on input line 74.
LaTeX Font Info:    Font shape `T1/ptm/bx/it' in size <8> not available
(Font)              Font shape `T1/ptm/b/it' tried instead on input line 74.
LaTeX Font Info:    Font shape `T1/ptm/bx/n' in size <9> not available
(Font)              Font shape `T1/ptm/b/n' tried instead on input line 74.
LaTeX Font Info:    Font shape `T1/ptm/bx/it' in size <9> not available
(Font)              Font shape `T1/ptm/b/it' tried instead on input line 74.
LaTeX Font Info:    Font shape `T1/ptm/bx/n' in size <10> not available
(Font)              Font shape `T1/ptm/b/n' tried instead on input line 74.
LaTeX Font Info:    Font shape `T1/ptm/bx/it' in size <10> not available
(Font)              Font shape `T1/ptm/b/it' tried instead on input line 74.
LaTeX Font Info:    Font shape `T1/ptm/bx/n' in size <12> not available
(Font)              Font shape `T1/ptm/b/n' tried instead on input line 74.
LaTeX Font Info:    Font shape `T1/ptm/bx/it' in size <12> not available
(Font)              Font shape `T1/ptm/b/it' tried instead on input line 74.
LaTeX Font Info:    Font shape `T1/ptm/bx/n' in size <14> not available
(Font)              Font shape `T1/ptm/b/n' tried instead on input line 74.
LaTeX Font Info:    Font shape `T1/ptm/bx/it' in size <14> not available
(Font)              Font shape `T1/ptm/b/it' tried instead on input line 74.
LaTeX Font Info:    Font shape `T1/ptm/bx/n' in size <20> not available
(Font)              Font shape `T1/ptm/b/n' tried instead on input line 74.
LaTeX Font Info:    Font shape `T1/ptm/bx/it' in size <20> not available
(Font)              Font shape `T1/ptm/b/it' tried instead on input line 74.
LaTeX Font Info:    Font shape `T1/ptm/bx/n' in size <22> not available
(Font)              Font shape `T1/ptm/b/n' tried instead on input line 74.
LaTeX Font Info:    Font shape `T1/ptm/bx/it' in size <22> not available
(Font)              Font shape `T1/ptm/b/it' tried instead on input line 74.
LaTeX Font Info:    Font shape `T1/ptm/bx/n' in size <24> not available
(Font)              Font shape `T1/ptm/b/n' tried instead on input line 74.
LaTeX Font Info:    Font shape `T1/ptm/bx/it' in size <24> not available
(Font)              Font shape `T1/ptm/b/it' tried instead on input line 74.
\c@lstlisting=\count147
Package caption Info: Begin \AtBeginDocument code.
Package caption Info: Incompatible package detected (regarding \@caption).
(caption)             \@caption = macro:->\ifx \EndPicture \:UnDef \expandafter
 \n:@caption: \else \expandafter \o:@caption: \fi .


Package caption Warning: \caption will not be redefined since it's already
(caption)                redefined by a document class or package which is
(caption)                unknown to the caption package.
See the caption package documentation for explanation.


! Package caption Error: The `subcaption' package does not work correctly
(caption)                in compatibility mode.

See the caption package documentation for explanation.
Type  H <return>  for immediate help.
 ...                                              
                                                  
l.74 \begin{document}
                     
? 
Package caption Info: End \AtBeginDocument code.
--- file RNA.css ---
[1

] [2]
LaTeX Font Info:    External font `cmex10' loaded for size
(Font)              <12> on input line 136.
LaTeX Font Info:    External font `cmex10' loaded for size
(Font)              <8> on input line 136.
LaTeX Font Info:    External font `cmex10' loaded for size
(Font)              <6> on input line 136.
l. 136 Writing RNA.idv[1] (RNA0x.png)
l. 136 Writing RNA.idv[2] (RNA1x.png)
l. 137 Writing RNA.idv[3] (RNA2x.png)
l. 137 Writing RNA.idv[4] (RNA3x.png)
l. 148 Writing RNA.idv[5] (RNA4x.png)
l. 154 Writing RNA.idv[6] (RNA5x.png)
l. 159 Writing RNA.idv[7] (RNA6x.png)
l. 161 Writing RNA.idv[8] (RNA7x.png)
l. 165 Writing RNA.idv[9] (RNA8x.png)
l. 169 Writing RNA.idv[10] (RNA9x.png)
l. 169 Writing RNA.idv[11] (RNA10x.png)
l. 169 Writing RNA.idv[12] (RNA11x.png)
l. 170 Writing RNA.idv[13] (RNA12x.png)
l. 172 Writing RNA.idv[14] (RNA13x.png)
 [3] [4] [5

]
l.208 --- TeX4ht warning --- Cannot determine size of graphic in images/percept
ron.png (no BoundingBox) ---
l. 208 --- needs --- images/perceptron.png ---
[6

]
l. 225 Writing RNA.idv[15] (RNA14x.png)
l. 236 Writing RNA.idv[16] (RNA15x.png)
 [7

]
l. 263 Writing RNA.idv[17] (RNA16x.png)
l. 263 Writing RNA.idv[18] (RNA17x.png)
l. 268 Writing RNA.idv[19] (RNA18x.png)
l. 268 Writing RNA.idv[20] (RNA19x.png)
 [8]
l. 275 Writing RNA.idv[21] (RNA20x.png)
 [9] [10

] [11

] [12

] [13

]
l. 311 Writing RNA.idv[22] (RNA21x.png)
File: eps/and/ANDDesired.eps Graphic file (type eps)
 <eps/and/ANDDesired.eps> [14

] [15

] [16

]
l. 325 Writing RNA.idv[23] (RNA22x.png)
File: eps/and/andErr.eps Graphic file (type eps)

<eps/and/andErr.eps> [17

] [18

] [19

]
l. 336 Writing RNA.idv[24] (RNA23x.png)
File: eps/and/ANDRegiao.eps Graphic file (type eps)
 <eps/and/ANDRegiao.eps> [20

] [21

] [22

]
[23

] [24

] [25

]
l. 370 Writing RNA.idv[25] (RNA24x.png)
File: eps/or/ORDesired.eps Graphic file (type eps)
 <eps/or/ORDesired.eps> [26

] [27

] [28

]
l. 383 Writing RNA.idv[26] (RNA25x.png)
File: eps/or/orErr.eps Graphic file (type eps)
 <eps/or/orErr.eps>
[29

] [30

] [31

]
l. 394 Writing RNA.idv[27] (RNA26x.png)
File: eps/or/ORRegiao.eps Graphic file (type eps)
 <eps/or/ORRegiao.eps> [32

] [33

] [34

] [35

] [36

] [37

]
l. 427 Writing RNA.idv[28] (RNA27x.png)
File: eps/not/NOTDesired.eps Graphic file (type eps)

<eps/not/NOTDesired.eps> [38

] [39

] [40

]
l. 440 Writing RNA.idv[29] (RNA28x.png)
File: eps/not/notErr.eps Graphic file (type eps)
 <eps/not/notErr.eps> [41

] [42

] [43

]
l. 451 Writing RNA.idv[30] (RNA29x.png)
File: eps/not/NOTRegiao.eps Graphic file (type eps)

<eps/not/NOTRegiao.eps> [44

]
l. 473 Writing RNA.idv[31] (RNA30x.png)
 [45

] [46

]
l. 480 Writing RNA.idv[32] (RNA31x.png)
File: eps/3classes/input/sWid-vs-pWid.eps Graphic file (type eps)
 <eps/3classes/input/sWid-vs-pWid.eps>
[47

]
l. 490 Writing RNA.idv[33] (RNA32x.png)
 [48

] [49

]
l. 503 Writing RNA.idv[34] (RNA33x.png)
File: eps/setosa/regiao/sLen-vs-sWid.eps Graphic file (type eps)
 <eps/setosa/regiao/sLen-vs-sWid.eps> [50

] [51

] [52

] [53

]
[54

] [55

] [56

] [57

] [58

]
l. 564 Writing RNA.idv[35] (RNA34x.png)
File: eps/adaline/amostras.eps Graphic file (type eps)
 <eps/adaline/amostras.eps> [59

] [60

] [61

]
l. 572 Writing RNA.idv[36] (RNA35x.png)
File: eps/adaline/erro.eps Graphic file (type eps)

<eps/adaline/erro.eps> [62

] [63

] [64

]
l. 580 Writing RNA.idv[37] (RNA36x.png)
File: eps/adaline/resultado.eps Graphic file (type eps)
 <eps/adaline/resultado.eps> [65

]
l. 590 Writing RNA.idv[38] (RNA37x.png)
l. 594 Writing RNA.idv[39] (RNA38x.png)
l. 600 Writing RNA.idv[40] (RNA39x.png)
 [66

]
[67

] [68

] [69

] [70

]
l. 624 Writing RNA.idv[41] (RNA40x.png)
File: eps/3classes/mlp.eps Graphic file (type eps)
 <eps/3classes/mlp.eps> [71

]
l. 632 Writing RNA.idv[42] (RNA41x.png)
 [72

] [73

]
l. 641 Writing RNA.idv[43] (RNA42x.png)
File: eps/3classes/erro.eps Graphic file (type eps)

<eps/3classes/erro.eps> [74

] [75

] [76

] [77

] [78

] [79

] [80

] [81

]
(./code/perceptron/geraBD.m
LaTeX Font Info:    Try loading font information for TS1+pcr on input line 9.

(/usr/local/texlive/2014/texmf-dist/tex/latex/psnfss/ts1pcr.fd
File: ts1pcr.fd 2001/06/04 font definitions for TS1/pcr.
)
LaTeX Font Info:    External font `cmex10' loaded for size
(Font)              <9> on input line 20.
LaTeX Font Info:    External font `cmex10' loaded for size
(Font)              <5> on input line 20.
)
(./code/mlp/carregaDados.m) [82

] [83

]
l. 743 Writing RNA.idv[44] (RNA43x.png)
File: eps/3classes/input/pLen-vs-pWid.eps Graphic file (type eps)
 <eps/3classes/input/pLen-vs-pWid.eps>
l. 746 Writing RNA.idv[45] (RNA44x.png)
File: eps/3classes/input/sLen-vs-pLen.eps Graphic file (type eps)

<eps/3classes/input/sLen-vs-pLen.eps>
l. 749 Writing RNA.idv[46] (RNA45x.png)
File: eps/3classes/input/sLen-vs-pWid.eps Graphic file (type eps)
 <eps/3classes/input/sLen-vs-pWid.eps>
l. 753 Writing RNA.idv[47] (RNA46x.png)
File: eps/3classes/input/sLen-vs-sWid.eps Graphic file (type eps)

<eps/3classes/input/sLen-vs-sWid.eps>
l. 756 Writing RNA.idv[48] (RNA47x.png)
File: eps/3classes/input/sWid-vs-pWid.eps Graphic file (type eps)
 <eps/3classes/input/sWid-vs-pWid.eps>
l. 759 Writing RNA.idv[49] (RNA48x.png)
File: eps/3classes/input/sWid-vs-pLen.eps Graphic file (type eps)

<eps/3classes/input/sWid-vs-pLen.eps> [84

] [85] (./code/perceptron/perceptron.m

! Package inputenc Error: Unicode char \u8:\lst@FillFixed@p not set up for use
 with LaTeX.

See the inputenc package documentation for explanation.
Type  H <return>  for immediate help.
 ...                                              
                                                  
l.3 %Retorna os pesos e o Erro de cada poca
                                            
? 
) (./code/perceptron/testPerceptron.m

! Package inputenc Error: Unicode char \u8:\expandafter\lst@FillFixed@ not set
 up for use with LaTeX.

See the inputenc package documentation for explanation.
Type  H <return>  for immediate help.
 ...                                              
                                                  
l.3 %% Parmetros
                 
? 

! Package inputenc Error: Keyboard character used is undefined
(inputenc)                in inputencoding `utf8'.

See the inputenc package documentation for explanation.
Type  H <return>  for immediate help.
 ...                                              
                                                  
l.4 %Nmero 
            de amostras geradas
? 

! Package inputenc Error: Keyboard character used is undefined
(inputenc)                in inputencoding `utf8'.

See the inputenc package documentation for explanation.
Type  H <return>  for immediate help.
 ...                                              
                                                  
l.6 %Nmero 
            de repetioes
? 

! Package inputenc Error: Unicode char \u8:\expandafter\lst@FillFixed@ not set
 up for use with LaTeX.

See the inputenc package documentation for explanation.
Type  H <return>  for immediate help.
 ...                                              
                                                  
l.6 %Nmero de repetioes
                         
? 

! Package inputenc Error: Unicode char \u8:\expandafter\lst@FillFixed@ not set
 up for use with LaTeX.

See the inputenc package documentation for explanation.
Type  H <return>  for immediate help.
 ...                                              
                                                  
l.8 %Operao
             
? 

! Package inputenc Error: Unicode char \u8:o\@empty not set up for use with La
TeX.

See the inputenc package documentation for explanation.
Type  H <return>  for immediate help.
 ...                                              
                                                  
l.8 %Operao
             
? 

! Package inputenc Error: Unicode char \u8:\expandafter\lst@FillFixed@ not set
 up for use with LaTeX.

See the inputenc package documentation for explanation.
Type  H <return>  for immediate help.
 ...                                              
                                                  
l.24 sprintf('Mdia 
                    e desvio padro do erro quadrtico %0.3f, %0.3f',mean(ce...

? 

! Package inputenc Error: Unicode char \u8:\expandafter\lst@FillFixed@ not set
 up for use with LaTeX.

See the inputenc package documentation for explanation.
Type  H <return>  for immediate help.
 ...                                              
                                                  
l.24 sprintf('Mdia e desvio padro 
                                    do erro quadrtico %0.3f, %0.3f',mean(ce...

? 

! Package inputenc Error: Unicode char \u8:\expandafter\lst@FillFixed@ not set
 up for use with LaTeX.

See the inputenc package documentation for explanation.
Type  H <return>  for immediate help.
 ...                                              
                                                  
l.24 ...'Mdia e desvio padro do erro quadrtico 
                                                  %0.3f, %0.3f',mean(ce),std...

? 

! Package inputenc Error: Unicode char \u8:\expandafter\lst@FillFixed@ not set
 up for use with LaTeX.

See the inputenc package documentation for explanation.
Type  H <return>  for immediate help.
 ...                                              
                                                  
l.26 figure('name','Anlise 
                            do erro');
? 

! Package inputenc Error: Unicode char \u8:\expandafter\lst@FillFixed@ not set
 up for use with LaTeX.

See the inputenc package documentation for explanation.
Type  H <return>  for immediate help.
 ...                                              
                                                  
l.29 legend('Erro global','Erro Mdio 
                                      Quadrtico');
? 

! Package inputenc Error: Unicode char \u8:\expandafter\lst@FillFixed@ not set
 up for use with LaTeX.

See the inputenc package documentation for explanation.
Type  H <return>  for immediate help.
 ...                                              
                                                  
l.29 legend('Erro global','Erro Mdio Quadrtico'
                                                 );
? 

! Package inputenc Error: Unicode char \u8:\expandafter\lst@FillFixed@ not set
 up for use with LaTeX.

See the inputenc package documentation for explanation.
Type  H <return>  for immediate help.
 ...                                              
                                                  
l.38 figure('name','Regio 
                           de Deciso');
? 

! Package inputenc Error: Unicode char \u8:\expandafter\lst@FillFixed@ not set
 up for use with LaTeX.

See the inputenc package documentation for explanation.
Type  H <return>  for immediate help.
 ...                                              
                                                  
l.38 figure('name','Regio de Deciso'
                                      );
? 
) [86

] (./RNA.aux)

LaTeX Warning: There were multiply-defined labels.

 ) 
Here is how much of TeX's memory you used:
 17144 strings out of 493109
 273717 string characters out of 6134879
 656722 words of memory out of 5000000
 20262 multiletter control sequences out of 15000+600000
 95556 words of font info for 105 fonts, out of 8000000 for 9000
 1144 hyphenation exceptions out of 8191
 48i,10n,45p,10865b,1425s stack positions out of 5000i,500n,10000p,200000b,80000s

Output written on RNA.dvi (86 pages, 186804 bytes).
