#
# An unexpected error has been detected by Java Runtime Environment:
#
#  EXCEPTION_ACCESS_VIOLATION (0xc0000005) at pc=0x7907303e, pid=40, tid=61
#
# Java VM: Java HotSpot(TM) Client VM (10.0-b19 mixed mode windows-x86)
# Problematic frame:
# V  [jvm.dll+0xf303e]
#
# If you would like to submit a bug report, please visit:
#   http://java.sun.com/webapps/bugreport/crash.jsp
#

---------------  T H R E A D  ---------------

Current thread (0x1480b400):  JavaThread "AWT-EventQueue-0" [_thread_in_vm, id=61, stack(0x02930000,0x02a30000)]

siginfo: ExceptionCode=0xc0000005, reading address 0x00000001

Registers:
EAX=0x00000001, EBX=0x09537950, ECX=0x04264478, EDX=0x041eb708
ESP=0x02a2e078, EBP=0x00000000, ESI=0x04264478, EDI=0x14835024
EIP=0x7907303e, EFLAGS=0x00010202

Top of Stack: (sp=0x02a2e078)
0x02a2e078:   14835024 041eb708 02a2e0e8 1480b400
0x02a2e088:   79073107 09537950 09537950 148353fc
0x02a2e098:   7905141d 14835024 1480b400 0f155410
0x02a2e0a8:   02a2e0e8 00000014 1480b400 00000000
0x02a2e0b8:   02a2e0dc 78e75fa0 78e47b6d 1480b4f4
0x02a2e0c8:   02a2e0f8 1480b400 0f155410 00000014
0x02a2e0d8:   02a2e0cc 02a2e508 78e752f0 00000000
0x02a2e0e8:   02a2e108 04765712 1480b4f4 02a2e0f8 

Instructions: (pc=0x7907303e)
0x7907302e:   00 00 5e 5d 89 18 5b c2 04 00 8b 86 90 00 00 00
0x7907303e:   8b 08 5f 89 8e 90 00 00 00 5e 5d 89 18 5b c2 04 


Stack: [0x02930000,0x02a30000],  sp=0x02a2e078,  free space=1016k
Native frames: (J=compiled Java code, j=interpreted, Vv=VM code, C=native code)
V  [jvm.dll+0xf303e]

[error occurred during error reporting (printing native stack), id 0xc0000005]

Java frames: (J=compiled Java code, j=interpreted, Vv=VM code)
J  sun.awt.windows.WFramePeer.getState()I
J  javax.swing.RepaintManager.addDirtyRegion0(Ljava/awt/Container;IIII)V
J  javax.swing.RepaintManager.addDirtyRegion(Ljavax/swing/JComponent;IIII)V
J  com.mathworks.mde.cmdwin.XCaret$2.run()V
J  java.awt.event.InvocationEvent.dispatch()V
J  java.awt.EventQueue.dispatchEvent(Ljava/awt/AWTEvent;)V
J  java.awt.EventDispatchThread.pumpOneEventForFilters(I)Z
J  java.awt.EventDispatchThread.pumpEventsForFilter(ILjava/awt/Conditional;Ljava/awt/EventFilter;)V
v  ~BufferBlob::Interpreter
v  ~BufferBlob::Interpreter
v  ~BufferBlob::Interpreter
v  ~BufferBlob::Interpreter
v  ~BufferBlob::StubRoutines (1)

---------------  P R O C E S S  ---------------

Java Threads: ( => current thread )
  0x14af4000 JavaThread "Thread-495" [_thread_blocked, id=38, stack(0x039a0000,0x03aa0000)]
  0x14ae8c00 JavaThread "Prefs Updater" [_thread_blocked, id=12, stack(0x03870000,0x03970000)]
  0x14122c00 JavaThread "Thread-7" [_thread_blocked, id=69, stack(0x19ab0000,0x19bb0000)]
  0x14215400 JavaThread "Thread-5" [_thread_blocked, id=67, stack(0x198b0000,0x199b0000)]
  0x141f4800 JavaThread "Active Reference Queue Daemon" daemon [_thread_blocked, id=66, stack(0x02f20000,0x03020000)]
  0x149c4400 JavaThread "Timer-2" daemon [_thread_blocked, id=65, stack(0x02e20000,0x02f20000)]
  0x149c1c00 JavaThread "Timer-1" daemon [_thread_blocked, id=64, stack(0x02d20000,0x02e20000)]
  0x14829c00 JavaThread "TimerQueue" daemon [_thread_blocked, id=62, stack(0x02a30000,0x02b30000)]
=>0x1480b400 JavaThread "AWT-EventQueue-0" [_thread_in_vm, id=61, stack(0x02930000,0x02a30000)]
  0x1482a400 JavaThread "AWT-Shutdown" [_thread_blocked, id=60, stack(0x02830000,0x02930000)]
  0x14771800 JavaThread "Timer-0" [_thread_blocked, id=57, stack(0x18db0000,0x18eb0000)]
  0x14746800 JavaThread "AWT-Windows" daemon [_thread_in_native, id=56, stack(0x18cb0000,0x18db0000)]
  0x14749800 JavaThread "Java2D Disposer" daemon [_thread_blocked, id=54, stack(0x18ab0000,0x18bb0000)]
  0x042ed400 JavaThread "JMI Unnamed Thread" [_thread_in_native, id=42, stack(0x01830000,0x02030000)]
  0x0427ec00 JavaThread "Low Memory Detector" daemon [_thread_blocked, id=52, stack(0x13750000,0x13850000)]
  0x0427d800 JavaThread "CompilerThread0" daemon [_thread_blocked, id=51, stack(0x12f50000,0x13750000)]
  0x04276400 JavaThread "Attach Listener" daemon [_thread_blocked, id=50, stack(0x12e50000,0x12f50000)]
  0x0426ec00 JavaThread "Finalizer" daemon [_thread_blocked, id=49, stack(0x12d50000,0x12e50000)]
  0x0426a800 JavaThread "Reference Handler" daemon [_thread_blocked, id=48, stack(0x12c50000,0x12d50000)]
  0x041ebc00 JavaThread "main" [_thread_in_native, id=41, stack(0x00430000,0x00c30000)]

Other Threads:
  0x04266000 VMThread [stack: 0x12450000,0x12c50000] [id=47]
  0x04280800 WatcherThread [stack: 0x13850000,0x14050000] [id=53]

VM state:not at safepoint (normal execution)

VM Mutex/Monitor currently owned by a thread:  ([mutex/lock_event])
[0x041eb708/0x000002b0] JNIGlobalHandle_lock - owner thread: 0x1480b400

Heap
 def new generation   total 16320K, used 6170K [0x06370000, 0x07520000, 0x08370000)
  eden space 14528K,  38% used [0x06370000, 0x068ea448, 0x071a0000)
  from space 1792K,  31% used [0x07360000, 0x073ec410, 0x07520000)
  to   space 1792K,   0% used [0x071a0000, 0x071a0000, 0x07360000)
 tenured generation   total 54212K, used 49181K [0x08370000, 0x0b861000, 0x0e370000)
   the space 54212K,  90% used [0x08370000, 0x0b377690, 0x0b377800, 0x0b861000)
 compacting perm gen  total 32768K, used 28701K [0x0e370000, 0x10370000, 0x12370000)
   the space 32768K,  87% used [0x0e370000, 0x0ff776a8, 0x0ff77800, 0x10370000)
No shared spaces configured.

Dynamic libraries:
0x00400000 - 0x0042d000 	C:\Program Files\MATLAB\R2008b\bin\win32\MATLAB.exe
0x7bc10000 - 0x7bcdb000 	C:\windows\system32\ntdll.dll
0x7b810000 - 0x7ba5b000 	C:\windows\system32\KERNEL32.dll
0x7ae60000 - 0x7af26000 	C:\Program Files\MATLAB\R2008b\bin\win32\libut.dll
0x7eff0000 - 0x7f000000 	C:\windows\system32\imagehlp.dll
0x7ece0000 - 0x7ed3f000 	C:\windows\system32\dbghelp.dll
0x7ec90000 - 0x7ec9f000 	C:\windows\system32\psapi.dll
0x7b790000 - 0x7b7af000 	C:\Program Files\MATLAB\R2008b\bin\win32\LIBEXPAT.dll
0x78130000 - 0x781cb000 	C:\windows\winsxs\x86_Microsoft.VC80.CRT_1fc8b3b9a1e18e3b_8.0.50727.762_x-ww_6b128700\MSVCR80.dll
0x7ec00000 - 0x7ec8b000 	C:\windows\system32\msvcrt.dll
0x7b280000 - 0x7b357000 	C:\Program Files\MATLAB\R2008b\bin\win32\icuuc36.dll
0x7eb80000 - 0x7ebe3000 	C:\windows\system32\advapi32.dll
0x7aac0000 - 0x7aac4000 	C:\Program Files\MATLAB\R2008b\bin\win32\icudt36.dll
0x7aad0000 - 0x7aadc000 	C:\Program Files\MATLAB\R2008b\bin\win32\icuio36.dll
0x7acc0000 - 0x7ad82000 	C:\Program Files\MATLAB\R2008b\bin\win32\icuin36.dll
0x7c420000 - 0x7c4a7000 	C:\windows\winsxs\x86_Microsoft.VC80.CRT_1fc8b3b9a1e18e3b_8.0.50727.762_x-ww_6b128700\MSVCP80.dll
0x7ea30000 - 0x7eb71000 	C:\windows\system32\user32.dll
0x7e910000 - 0x7ea17000 	C:\windows\system32\gdi32.dll
0x7ecc0000 - 0x7ecd7000 	C:\windows\system32\version.dll
0x782e0000 - 0x78301000 	C:\Program Files\MATLAB\R2008b\bin\win32\libmwfl.dll
0x7aab0000 - 0x7aabf000 	C:\Program Files\MATLAB\R2008b\bin\win32\boost_signals-vc80-mt-1_34_1.dll
0x7aaa0000 - 0x7aaad000 	C:\Program Files\MATLAB\R2008b\bin\win32\boost_thread-vc80-mt-1_34_1.dll
0x7af90000 - 0x7b167000 	C:\Program Files\MATLAB\R2008b\bin\win32\libmwservices.dll
0x7af30000 - 0x7af8e000 	C:\Program Files\MATLAB\R2008b\bin\win32\libmx.dll
0x78770000 - 0x78782000 	C:\Program Files\MATLAB\R2008b\bin\win32\zlib1.dll
0x7b170000 - 0x7b275000 	C:\Program Files\MATLAB\R2008b\bin\win32\libmwmathutil.dll
0x79300000 - 0x79333000 	C:\Program Files\MATLAB\R2008b\bin\win32\mpath.dll
0x7b7b0000 - 0x7b7d6000 	C:\Program Files\MATLAB\R2008b\bin\win32\mlutil.dll
0x7e800000 - 0x7e8fa000 	C:\windows\system32\comctl32.dll
0x7e710000 - 0x7e7f3000 	C:\windows\system32\comdlg32.dll
0x7e4e0000 - 0x7e708000 	C:\windows\system32\shell32.dll
0x7e470000 - 0x7e4d5000 	C:\windows\system32\shlwapi.dll
0x7e420000 - 0x7e45b000 	C:\windows\system32\winspool.drv
0x7e3f0000 - 0x7e41b000 	C:\windows\system32\netapi32.dll
0x7e3d0000 - 0x7e3ee000 	C:\windows\system32\iphlpapi.dll
0x7e3a0000 - 0x7e3c8000 	C:\windows\system32\ws2_32.dll
0x798c0000 - 0x798f6000 	C:\Program Files\MATLAB\R2008b\bin\win32\mcr.dll
0x7aae0000 - 0x7ab03000 	C:\Program Files\MATLAB\R2008b\bin\win32\iqm.dll
0x79e60000 - 0x7a34c000 	C:\Program Files\MATLAB\R2008b\bin\win32\m_interpreter.dll
0x7ab20000 - 0x7ab2e000 	C:\Program Files\MATLAB\R2008b\bin\win32\libmex.dll
0x79760000 - 0x797b6000 	C:\Program Files\MATLAB\R2008b\bin\win32\m_dispatcher.dll
0x78640000 - 0x7865c000 	C:\Program Files\MATLAB\R2008b\bin\win32\datasvcs.dll
0x78bf0000 - 0x78db2000 	C:\Program Files\MATLAB\R2008b\bin\win32\xerces-c_2_7.dll
0x79640000 - 0x79697000 	C:\Program Files\MATLAB\R2008b\bin\win32\profiler.dll
0x7ab80000 - 0x7ab9c000 	C:\Program Files\MATLAB\R2008b\bin\win32\libmwmathrng.dll
0x786f0000 - 0x78702000 	C:\Program Files\MATLAB\R2008b\bin\win32\m_pcodeio.dll
0x792c0000 - 0x792f5000 	C:\Program Files\MATLAB\R2008b\bin\win32\m_ir.dll
0x79970000 - 0x79e5e000 	C:\Program Files\MATLAB\R2008b\bin\win32\m_parser.dll
0x7ab10000 - 0x7ab1d000 	C:\Program Files\MATLAB\R2008b\bin\win32\ir_xfmr.dll
0x78310000 - 0x7844d000 	C:\Program Files\MATLAB\R2008b\bin\win32\mcos.dll
0x7abc0000 - 0x7abca000 	C:\Program Files\MATLAB\R2008b\bin\win32\mtok.dll
0x786d0000 - 0x786e6000 	C:\Program Files\MATLAB\R2008b\bin\win32\m_pcodegen.dll
0x78620000 - 0x7863b000 	C:\Program Files\MATLAB\R2008b\bin\win32\bridge.dll
0x7a7f0000 - 0x7a874000 	C:\Program Files\MATLAB\R2008b\bin\win32\udd.dll
0x7b360000 - 0x7b458000 	C:\Program Files\MATLAB\R2008b\bin\win32\libmwgui.dll
0x787d0000 - 0x7896e000 	C:\Program Files\MATLAB\R2008b\bin\win32\hg.dll
0x78660000 - 0x78682000 	C:\Program Files\MATLAB\R2008b\bin\win32\libmat.dll
0x7ad90000 - 0x7ae56000 	C:\Program Files\MATLAB\R2008b\bin\win32\libhdf5.dll
0x791d0000 - 0x7920e000 	C:\Program Files\MATLAB\R2008b\bin\win32\jmi.dll
0x78ef0000 - 0x78f1c000 	C:\Program Files\MATLAB\R2008b\bin\win32\libmwhardcopy.dll
0x79280000 - 0x792b7000 	C:\Program Files\MATLAB\R2008b\bin\win32\libuij.dll
0x78b50000 - 0x78be3000 	C:\Program Files\MATLAB\R2008b\bin\win32\libmwmathlinalg.dll
0x789b0000 - 0x78b46000 	C:\Program Files\MATLAB\R2008b\bin\win32\libmwmathelem.dll
0x78970000 - 0x789ae000 	C:\Program Files\MATLAB\R2008b\bin\win32\libmwmathcore.dll
0x796a0000 - 0x7971e000 	C:\Program Files\MATLAB\R2008b\bin\win32\libmwcholmod.dll
0x7ab30000 - 0x7ab3a000 	C:\Program Files\MATLAB\R2008b\bin\win32\libmwamd.dll
0x7ab60000 - 0x7ab69000 	C:\Program Files\MATLAB\R2008b\bin\win32\libmwcolamd.dll
0x7ab50000 - 0x7ab5d000 	C:\Program Files\MATLAB\R2008b\bin\win32\libmwblas.dll
0x7ab40000 - 0x7ab4c000 	C:\Program Files\MATLAB\R2008b\bin\win32\libmwbinder.dll
0x78690000 - 0x786c8000 	C:\Program Files\MATLAB\R2008b\bin\win32\libmwlapack.dll
0x00240000 - 0x00269000 	C:\Program Files\MATLAB\R2008b\bin\win32\libmwrookfastbp.dll
0x78f20000 - 0x78f48000 	C:\Program Files\MATLAB\R2008b\bin\win32\libmwma57.dll
0x7ac10000 - 0x7acbb000 	C:\Program Files\MATLAB\R2008b\bin\win32\libifcoremd.dll
0x79340000 - 0x795ef000 	C:\Program Files\MATLAB\R2008b\bin\win32\libmmd.dll
0x7ab70000 - 0x7ab7c000 	C:\Program Files\MATLAB\R2008b\bin\win32\libmwcsparse.dll
0x79820000 - 0x798bc000 	C:\Program Files\MATLAB\R2008b\bin\win32\libmwumfpack.dll
0x7a880000 - 0x7aa94000 	C:\Program Files\MATLAB\R2008b\bin\win32\uiw.dll
0x7ac00000 - 0x7ac09000 	C:\Program Files\MATLAB\R2008b\bin\win32\uinone.dll
0x781d0000 - 0x782df000 	C:\windows\winsxs\x86_Microsoft.VC80.MFC_1fc8b3b9a1e18e3b_8.0.50727.762_x-ww_3bf8fa05\MFC80.DLL
0x7e270000 - 0x7e392000 	C:\windows\system32\ole32.dll
0x7e1e0000 - 0x7e256000 	C:\windows\system32\rpcrt4.dll
0x7e0b0000 - 0x7e1d5000 	C:\windows\system32\oleaut32.dll
0x79900000 - 0x79965000 	C:\Program Files\MATLAB\R2008b\bin\win32\udd_mi.dll
0x78710000 - 0x78722000 	C:\Program Files\MATLAB\R2008b\bin\win32\mwoles05.DLL
0x795f0000 - 0x79634000 	C:\Program Files\MATLAB\R2008b\bin\win32\comcli.dll
0x7e090000 - 0x7e09f000 	C:\windows\system32\atl80.dll
0x7e070000 - 0x7e08a000 	C:\windows\system32\atl100.dll
0x7abb0000 - 0x7abbb000 	C:\Program Files\MATLAB\R2008b\bin\win32\mlautoregister.dll
0x7de20000 - 0x7dea5000 	C:\windows\system32\winex11.drv
0x7dc10000 - 0x7dc3b000 	C:\windows\system32\uxtheme.dll
0x7d670000 - 0x7d685000 	C:\windows\system32\imm32.dll
0xb7360000 - 0xb7370000 	C:\windows\system32\icmp.dll
0x78f80000 - 0x791d0000 	C:\Program Files\MATLAB\R2008b\sys\java\jre\win32\jre\bin\client\jvm.dll
0xb7230000 - 0xb72db000 	C:\windows\system32\winmm.dll
0xb70e0000 - 0xb7100000 	C:\windows\system32\msacm32.dll
0x7c340000 - 0x7c396000 	C:\Program Files\MATLAB\R2008b\bin\win32\MSVCR71.dll
0x79720000 - 0x79728000 	C:\Program Files\MATLAB\R2008b\sys\java\jre\win32\jre\bin\hpi.dll
0x79740000 - 0x7974c000 	C:\Program Files\MATLAB\R2008b\sys\java\jre\win32\jre\bin\verify.dll
0x78790000 - 0x787af000 	C:\Program Files\MATLAB\R2008b\sys\java\jre\win32\jre\bin\java.dll
0x79750000 - 0x7975f000 	C:\Program Files\MATLAB\R2008b\sys\java\jre\win32\jre\bin\zip.dll
0x78dc0000 - 0x78eee000 	C:\Program Files\MATLAB\R2008b\sys\java\jre\win32\jre\bin\awt.dll
0x78730000 - 0x78748000 	C:\Program Files\MATLAB\R2008b\bin\win32\nativejava.dll
0x78750000 - 0x78768000 	C:\Program Files\MATLAB\R2008b\bin\win32\nativejmi.dll
0x7abf0000 - 0x7abf6000 	C:\Program Files\MATLAB\R2008b\bin\win32\nativeservices.dll
0x797c0000 - 0x79813000 	C:\Program Files\MATLAB\R2008b\sys\java\jre\win32\jre\bin\fontmanager.dll
0x787b0000 - 0x787c3000 	C:\Program Files\MATLAB\R2008b\sys\java\jre\win32\jre\bin\net.dll
0x79730000 - 0x79739000 	C:\Program Files\MATLAB\R2008b\sys\java\jre\win32\jre\bin\nio.dll
0x003e0000 - 0x003e6000 	C:\Program Files\MATLAB\R2008b\bin\win32\nativelmgr.dll
0x7b580000 - 0x7b5a4000 	C:\Program Files\MATLAB\R2008b\sys\java\jre\win32\jre\bin\jpeg.dll
0x02b30000 - 0x02cb3000 	C:\Program Files\MATLAB\R2008b\bin\win32\instutil.dll
0x7abd0000 - 0x7abd8000 	C:\Program Files\MATLAB\R2008b\bin\win32\nativecmdwin.dll
0x6fd70000 - 0x6fd78000 	C:\Program Files\MATLAB\R2008b\bin\win32\nativemlint.dll
0x6bf20000 - 0x6bf65000 	C:\Program Files\MATLAB\R2008b\bin\win32\mlint.dll
0x7abe0000 - 0x7abe6000 	C:\Program Files\MATLAB\R2008b\bin\win32\nativelex.dll
0x78f50000 - 0x78f73000 	C:\Program Files\MATLAB\R2008b\sys\java\jre\win32\jre\bin\dcpr.dll
0xb70c0000 - 0xb70d5000 	C:\windows\system32\localspl.dll
0xb7300000 - 0xb7316000 	C:\windows\system32\spoolss.dll
0xb7060000 - 0xb70b2000 	C:\windows\system32\wineps.drv
0x78450000 - 0x7861d000 	C:\Program Files\MATLAB\R2008b\bin\win32\libmwbuiltins.dll
0x6fe00000 - 0x6fe4b000 	C:\Program Files\MATLAB\R2008b\bin\win32\hgbuiltins.dll
0x6fd80000 - 0x6fdf5000 	C:\Program Files\MATLAB\R2008b\bin\win32\hgdatatypes.dll
0xb6f60000 - 0xb6f9e000 	C:\windows\system32\usp10.dll
0x25260000 - 0x25ae0000 	C:\Program Files\MATLAB\R2008b\bin\win32\mkl.dll
0x79210000 - 0x79274000 	C:\Program Files\MATLAB\R2008b\bin\win32\libguide40.dll
0x7b460000 - 0x7b466000 	C:\Program Files\MATLAB\R2008b\bin\win32\mklcompat.dll
0x6b8c0000 - 0x6b8ca000 	C:\Program Files\MATLAB\R2008b\toolbox\matlab\graph2d\private\lineseriesmex.mexw32
0x03980000 - 0x03988000 	C:\Program Files\MATLAB\R2008b\bin\win32\nativehg.dll
0x6d340000 - 0x6d346000 	C:\Program Files\MATLAB\R2008b\sys\java\jre\win32\jre\bin\jawt.dll

VM Arguments:
jvm_args: -Xss512k -XX:PermSize=32M -Xms64m -XX:NewRatio=3 -XX:MaxPermSize=64M -Xmx128m -XX:MaxDirectMemorySize=1200000000 -Dsun.java2d.noddraw=true -Dsun.awt.nopixfmt=true -Xshare:off -Xrs -Djava.library.path=C:\Program Files\MATLAB\R2008b\bin\win32 vfprintf abort 
java_command: <unknown>
Launcher Type: generic

Environment Variables:
JAVA_HOME=/usr/lib/jvm/java-7-oracle/
PATH=C:\windows\system32;C:\windows;C:\windows\system32\wbem;C:\Program Files\MATLAB\R2008b\bin;C:\Program Files\MATLAB\R2008b\bin\win32
USERNAME=clifte
SHELL=/bin/bash
DISPLAY=:0
MACHTYPE=i686-pc-linux-gnu
OS=Windows_NT
PROCESSOR_IDENTIFIER=x86 Family 6 Model 23 Stepping 10, GenuineIntel



---------------  S Y S T E M  ---------------

OS: Windows XP Build 2600 Service Pack 3

CPU:total 2 (2 cores per cpu, 1 threads per core) family 6 model 7 stepping 10, cmov, cx8, fxsr, mmx, sse, sse2, sse3, ssse3

Memory: 4k page, physical 1802020k(957324k free), swap 4193791k(4194303k free)

vm_info: Java HotSpot(TM) Client VM (10.0-b19) for windows-x86 JRE (1.6.0_04-b12), built on Dec 14 2007 00:51:20 by "java_re" with MS VC++ 7.1

time: Thu Oct 30 12:50:23 2014
elapsed time: 7080 seconds

